2018-Sep-24 01:37:50.183469 INFO    [daemon] BitPrivate v1.5.2.hotfix-001
2018-Sep-24 01:37:50.183593 INFO    [daemon] Module folder: ./BitPrivated
2018-Sep-24 01:37:50.183689 ERROR   [currency] failed to parse coinbase tx from hard coded blob
2018-Sep-24 01:37:50.183735 ERROR   [currency] Failed to generate genesis block
2018-Sep-24 02:11:24.994486 INFO    [daemon] BitPrivate v1.5.2.hotfix-001
2018-Sep-24 02:11:24.994619 INFO    [daemon] Module folder: ./BitPrivated
2018-Sep-24 02:11:24.995386 INFO    [daemon] Initializing p2p server...
2018-Sep-24 02:11:24.995563 INFO    [node_server] Generated new peer ID: 7503847415191166001
2018-Sep-24 02:11:24.995603 INFO    [node_server] Network: ef63bebe-ca66-5ab3-a540-b58b08f40f42
2018-Sep-24 02:11:24.995674 INFO    [node_server] Binding on 0.0.0.0:17236
2018-Sep-24 02:11:24.995776 INFO    [node_server] Net service binded on 0.0.0.0:17236
2018-Sep-24 02:11:24.995821 INFO    [node_server] Attempting to add IGD port mapping.
2018-Sep-24 02:11:29.000091 INFO    [node_server] No IGD was found.
2018-Sep-24 02:11:29.000218 INFO    [daemon] P2p server initialized OK
2018-Sep-24 02:11:29.000277 INFO    [daemon] Initializing core...
2018-Sep-24 02:11:29.000481 INFO    [Blockchain] Blockchain not loaded, generating genesis block.
2018-Sep-24 02:11:29.044320 INFO    [Blockchain] Blockchain initialized. last block: 0, d2272.h13.m11.s29 time ago, current difficulty: 1
2018-Sep-24 02:11:29.044390 INFO    [daemon] Core initialized OK
2018-Sep-24 02:11:29.044556 INFO    [daemon] Starting core rpc server on address 127.0.0.1:18236
2018-Sep-24 02:11:29.044672 INFO    [daemon] Core rpc server started ok
2018-Sep-24 02:11:29.044730 INFO    [daemon] Starting p2p net loop...
2018-Sep-24 02:11:29.044781 INFO    [node_server] Starting node_server
2018-Sep-24 02:11:29.859901 ERROR   [node_server] [206.189.232.35:17236 OUT] Failed to invoke COMMAND_HANDSHAKE, closing connection.
2018-Sep-24 02:11:30.020502 ERROR   [node_server] [159.65.132.179:17236 OUT] Failed to invoke COMMAND_HANDSHAKE, closing connection.
2018-Sep-24 02:11:30.883524 ERROR   [node_server] [206.189.232.35:17236 OUT] Failed to invoke COMMAND_HANDSHAKE, closing connection.
2018-Sep-24 02:11:30.883964 ERROR   [node_server] Failed to connect to any of seed peers, continuing without seeds
2018-Sep-24 02:11:30.884123 INFO    [core] 
2018-Sep-24 02:11:30.884123 INFO    [core] **********************************************************************
2018-Sep-24 02:11:30.884123 INFO    [core] The daemon will start synchronizing with the network. It may take up to several hours.
2018-Sep-24 02:11:30.884123 INFO    [core] 
2018-Sep-24 02:11:30.884123 INFO    [core] You can set the level of process detailization* through "set_log <level>" command*, where <level> is between 0 (no details) and 4 (very verbose).
2018-Sep-24 02:11:30.884123 INFO    [core] 
2018-Sep-24 02:11:30.884123 INFO    [core] Use "help" command to see the list of available commands.
2018-Sep-24 02:11:30.884123 INFO    [core] 
2018-Sep-24 02:11:30.884123 INFO    [core] Note: in case you need to interrupt the process, use "exit" command. Otherwise, the current progress won't be saved.
2018-Sep-24 02:11:30.884123 INFO    [core] **********************************************************************
2018-Sep-24 02:11:33.439364 ERROR   [node_server] [206.189.232.35:17236 OUT] Failed to invoke COMMAND_HANDSHAKE, closing connection.
2018-Sep-24 02:11:33.569361 ERROR   [node_server] [159.65.132.179:17236 OUT] Failed to invoke COMMAND_HANDSHAKE, closing connection.
2018-Sep-24 02:11:34.228434 ERROR   [node_server] [206.189.232.35:17236 OUT] Failed to invoke COMMAND_HANDSHAKE, closing connection.
2018-Sep-24 02:11:34.228798 ERROR   [node_server] Failed to connect to any of seed peers, continuing without seeds
2018-Sep-24 02:11:36.932841 ERROR   [node_server] [206.189.232.35:17236 OUT] Failed to invoke COMMAND_HANDSHAKE, closing connection.
2018-Sep-24 02:11:37.079399 ERROR   [node_server] [159.65.132.179:17236 OUT] Failed to invoke COMMAND_HANDSHAKE, closing connection.
2018-Sep-24 02:11:37.158852 INFO    [node_server] Stop signal sent
2018-Sep-24 02:11:37.159140 INFO    [node_server] Stopping NodeServer and it's0 connections...
2018-Sep-24 02:11:37.159443 ERROR   [node_server] Failed to connect to any of seed peers, continuing without seeds
2018-Sep-24 02:11:38.159702 INFO    [node_server] NodeServer loop stopped
2018-Sep-24 02:11:38.159899 INFO    [daemon] p2p net loop stopped
2018-Sep-24 02:11:38.160018 INFO    [daemon] Stopping core rpc server...
2018-Sep-24 02:11:38.160182 INFO    [daemon] Deinitializing core...
2018-Sep-24 02:11:38.160284 INFO    [miner] Mining has been stopped, 0 finished
2018-Sep-24 02:11:38.160525 INFO    [Blockchain] Saving blockchain...
2018-Sep-24 02:11:38.160680 INFO    [BlockCacheSerializer] - saving block index...
2018-Sep-24 02:11:38.160800 INFO    [BlockCacheSerializer] - saving transaction map...
2018-Sep-24 02:11:38.160899 INFO    [BlockCacheSerializer] - saving spent keys...
2018-Sep-24 02:11:38.160993 INFO    [BlockCacheSerializer] - saving outputs...
2018-Sep-24 02:11:38.161089 INFO    [BlockCacheSerializer] - saving multi-signature outputs...
2018-Sep-24 02:11:38.161188 INFO    [BlockCacheSerializer] Serialization time: 0ms
2018-Sep-24 02:11:38.161308 INFO    [daemon] Deinitializing p2p...
2018-Sep-24 02:11:38.161644 INFO    [miner] Mining has been stopped, 0 finished
2018-Sep-24 02:11:38.161915 INFO    [daemon] Node stopped.
2018-Sep-25 03:11:28.525018 INFO    [daemon] BitPrivate v1.5.2.hotfix-001
2018-Sep-25 03:11:28.525157 INFO    [daemon] Module folder: ./BitPrivated
2018-Sep-25 03:11:28.525762 INFO    [daemon] Initializing p2p server...
2018-Sep-25 03:11:28.538192 INFO    [node_server] Network: ef63bebe-ca66-5ab3-a540-b58b08f40f42
2018-Sep-25 03:11:28.538277 INFO    [node_server] Binding on 0.0.0.0:17236
2018-Sep-25 03:11:28.538342 INFO    [node_server] Net service binded on 0.0.0.0:17236
2018-Sep-25 03:11:28.538381 INFO    [node_server] Attempting to add IGD port mapping.
2018-Sep-25 03:11:32.541605 INFO    [node_server] No IGD was found.
2018-Sep-25 03:11:32.541826 INFO    [daemon] P2p server initialized OK
2018-Sep-25 03:11:32.541946 INFO    [daemon] Initializing core...
2018-Sep-25 03:11:32.577018 INFO    [Blockchain] Loading blockchain...
2018-Sep-25 03:11:32.577407 INFO    [BlockCacheSerializer] - loading block index...
2018-Sep-25 03:11:32.577479 INFO    [BlockCacheSerializer] - loading transaction map...
2018-Sep-25 03:11:32.577537 INFO    [BlockCacheSerializer] - loading spent keys...
2018-Sep-25 03:11:32.577596 INFO    [BlockCacheSerializer] - loading outputs...
2018-Sep-25 03:11:32.577651 INFO    [BlockCacheSerializer] - loading multi-signature outputs...
2018-Sep-25 03:11:32.577712 INFO    [BlockCacheSerializer] Serialization time: 0ms
2018-Sep-25 03:11:32.577790 INFO    [Blockchain] Blockchain initialized. last block: 0, d2273.h14.m11.s32 time ago, current difficulty: 1
2018-Sep-25 03:11:32.577853 INFO    [daemon] Core initialized OK
2018-Sep-25 03:11:32.577975 INFO    [daemon] Starting core rpc server on address 127.0.0.1:18236
2018-Sep-25 03:11:32.578071 INFO    [daemon] Core rpc server started ok
2018-Sep-25 03:11:32.578121 INFO    [daemon] Starting p2p net loop...
2018-Sep-25 03:11:32.578172 INFO    [node_server] Starting node_server
2018-Sep-25 03:11:44.619341 INFO    [protocol] 
2018-Sep-25 03:11:44.619341 INFO    [protocol] **********************************************************************
2018-Sep-25 03:11:44.619341 INFO    [protocol] You are now synchronized with the network. You may now start simplewallet.
2018-Sep-25 03:11:44.619341 INFO    [protocol] 
2018-Sep-25 03:11:44.619341 INFO    [protocol] Please note, that the blockchain will be saved only after you quit the daemon with "exit" command or if you use "save" command.
2018-Sep-25 03:11:44.619341 INFO    [protocol] Otherwise, you will possibly need to synchronize the blockchain again.
2018-Sep-25 03:11:44.619341 INFO    [protocol] 
2018-Sep-25 03:11:44.619341 INFO    [protocol] Use "help" command to see the list of available commands.
2018-Sep-25 03:11:44.619341 INFO    [protocol] **********************************************************************
2018-Sep-25 03:11:51.172996 INFO    [core] 
2018-Sep-25 03:11:51.172996 INFO    [core] **********************************************************************
2018-Sep-25 03:11:51.172996 INFO    [core] The daemon will start synchronizing with the network. It may take up to several hours.
2018-Sep-25 03:11:51.172996 INFO    [core] 
2018-Sep-25 03:11:51.172996 INFO    [core] You can set the level of process detailization* through "set_log <level>" command*, where <level> is between 0 (no details) and 4 (very verbose).
2018-Sep-25 03:11:51.172996 INFO    [core] 
2018-Sep-25 03:11:51.172996 INFO    [core] Use "help" command to see the list of available commands.
2018-Sep-25 03:11:51.172996 INFO    [core] 
2018-Sep-25 03:11:51.172996 INFO    [core] Note: in case you need to interrupt the process, use "exit" command. Otherwise, the current progress won't be saved.
2018-Sep-25 03:11:51.172996 INFO    [core] **********************************************************************
2018-Sep-25 03:19:51.524803 ERROR   [core] knownBlockIds doesn't end with genesis block hash: 6d0a0f895e50409750fdfab2c94f81d3b4cb648cdd880a72957c9dabcc41fee4
2018-Sep-25 03:19:55.053584 ERROR   [core] knownBlockIds doesn't end with genesis block hash: 6d0a0f895e50409750fdfab2c94f81d3b4cb648cdd880a72957c9dabcc41fee4
2018-Sep-25 06:26:45.304888 INFO    [node_server] Stop signal sent
2018-Sep-25 06:26:45.305230 INFO    [node_server] Stopping NodeServer and it's2 connections...
2018-Sep-25 06:26:45.305789 INFO    [node_server] NodeServer loop stopped
2018-Sep-25 06:26:45.305845 INFO    [daemon] p2p net loop stopped
2018-Sep-25 06:26:45.305908 INFO    [daemon] Stopping core rpc server...
2018-Sep-25 06:26:45.305992 INFO    [daemon] Deinitializing core...
2018-Sep-25 06:26:45.306049 INFO    [miner] Mining has been stopped, 0 finished
2018-Sep-25 06:26:45.306202 INFO    [Blockchain] Saving blockchain...
2018-Sep-25 06:26:45.306280 INFO    [BlockCacheSerializer] - saving block index...
2018-Sep-25 06:26:45.306334 INFO    [BlockCacheSerializer] - saving transaction map...
2018-Sep-25 06:26:45.306393 INFO    [BlockCacheSerializer] - saving spent keys...
2018-Sep-25 06:26:45.306450 INFO    [BlockCacheSerializer] - saving outputs...
2018-Sep-25 06:26:45.306506 INFO    [BlockCacheSerializer] - saving multi-signature outputs...
2018-Sep-25 06:26:45.306564 INFO    [BlockCacheSerializer] Serialization time: 0ms
2018-Sep-25 06:26:45.306651 INFO    [daemon] Deinitializing p2p...
2018-Sep-25 06:26:45.306854 INFO    [miner] Mining has been stopped, 0 finished
2018-Sep-25 06:26:45.306957 INFO    [daemon] Node stopped.
2018-Sep-25 06:26:47.491520 INFO    [daemon] BitPrivate v1.5.2.hotfix-001
2018-Sep-25 06:26:47.491949 INFO    [daemon] Module folder: ./BitPrivated
2018-Sep-25 06:26:47.494239 INFO    [daemon] Initializing p2p server...
2018-Sep-25 06:26:47.494590 INFO    [node_server] Network: ef63bebe-ca66-5ab3-a540-b58b08f40f42
2018-Sep-25 06:26:47.494722 INFO    [node_server] Binding on 0.0.0.0:17236
2018-Sep-25 06:26:47.494875 INFO    [node_server] Net service binded on 0.0.0.0:17236
2018-Sep-25 06:26:47.494981 INFO    [node_server] Attempting to add IGD port mapping.
2018-Sep-25 06:26:51.499945 INFO    [node_server] No IGD was found.
2018-Sep-25 06:26:51.500180 INFO    [daemon] P2p server initialized OK
2018-Sep-25 06:26:51.500347 INFO    [daemon] Initializing core...
2018-Sep-25 06:26:51.500588 INFO    [Blockchain] Loading blockchain...
2018-Sep-25 06:26:51.500844 INFO    [BlockCacheSerializer] - loading block index...
2018-Sep-25 06:26:51.500981 INFO    [BlockCacheSerializer] - loading transaction map...
2018-Sep-25 06:26:51.501107 INFO    [BlockCacheSerializer] - loading spent keys...
2018-Sep-25 06:26:51.501233 INFO    [BlockCacheSerializer] - loading outputs...
2018-Sep-25 06:26:51.501359 INFO    [BlockCacheSerializer] - loading multi-signature outputs...
2018-Sep-25 06:26:51.501479 INFO    [BlockCacheSerializer] Serialization time: 0ms
2018-Sep-25 06:26:51.501644 INFO    [Blockchain] Blockchain initialized. last block: 0, d2273.h17.m26.s51 time ago, current difficulty: 1
2018-Sep-25 06:26:51.501797 INFO    [daemon] Core initialized OK
2018-Sep-25 06:26:51.502088 INFO    [daemon] Starting core rpc server on address 127.0.0.1:18236
2018-Sep-25 06:26:51.502328 INFO    [daemon] Core rpc server started ok
2018-Sep-25 06:26:51.502469 INFO    [daemon] Starting p2p net loop...
2018-Sep-25 06:26:51.502585 INFO    [node_server] Starting node_server
2018-Sep-25 06:26:57.543360 INFO    [protocol] 
2018-Sep-25 06:26:57.543360 INFO    [protocol] **********************************************************************
2018-Sep-25 06:26:57.543360 INFO    [protocol] You are now synchronized with the network. You may now start simplewallet.
2018-Sep-25 06:26:57.543360 INFO    [protocol] 
2018-Sep-25 06:26:57.543360 INFO    [protocol] Please note, that the blockchain will be saved only after you quit the daemon with "exit" command or if you use "save" command.
2018-Sep-25 06:26:57.543360 INFO    [protocol] Otherwise, you will possibly need to synchronize the blockchain again.
2018-Sep-25 06:26:57.543360 INFO    [protocol] 
2018-Sep-25 06:26:57.543360 INFO    [protocol] Use "help" command to see the list of available commands.
2018-Sep-25 06:26:57.543360 INFO    [protocol] **********************************************************************
2018-Sep-25 06:27:03.687745 INFO    [core] 
2018-Sep-25 06:27:03.687745 INFO    [core] **********************************************************************
2018-Sep-25 06:27:03.687745 INFO    [core] The daemon will start synchronizing with the network. It may take up to several hours.
2018-Sep-25 06:27:03.687745 INFO    [core] 
2018-Sep-25 06:27:03.687745 INFO    [core] You can set the level of process detailization* through "set_log <level>" command*, where <level> is between 0 (no details) and 4 (very verbose).
2018-Sep-25 06:27:03.687745 INFO    [core] 
2018-Sep-25 06:27:03.687745 INFO    [core] Use "help" command to see the list of available commands.
2018-Sep-25 06:27:03.687745 INFO    [core] 
2018-Sep-25 06:27:03.687745 INFO    [core] Note: in case you need to interrupt the process, use "exit" command. Otherwise, the current progress won't be saved.
2018-Sep-25 06:27:03.687745 INFO    [core] **********************************************************************
2018-Sep-26 02:43:51.166157 INFO    [daemon] BitPrivate v1.5.2.hotfix-001
2018-Sep-26 02:43:51.184602 INFO    [daemon] Module folder: ./BitPrivated
2018-Sep-26 02:43:51.186394 INFO    [daemon] Initializing p2p server...
2018-Sep-26 02:43:51.204518 INFO    [node_server] Network: ef63bebe-ca66-5ab3-a540-b58b08f40f42
2018-Sep-26 02:43:51.204609 INFO    [node_server] Binding on 0.0.0.0:17236
2018-Sep-26 02:43:51.204692 INFO    [node_server] Net service binded on 0.0.0.0:17236
2018-Sep-26 02:43:51.204738 INFO    [node_server] Attempting to add IGD port mapping.
2018-Sep-26 02:43:55.209300 INFO    [node_server] No IGD was found.
2018-Sep-26 02:43:55.209398 INFO    [daemon] P2p server initialized OK
2018-Sep-26 02:43:55.209452 INFO    [daemon] Initializing core...
2018-Sep-26 02:43:55.250369 INFO    [Blockchain] Loading blockchain...
2018-Sep-26 02:43:55.262665 WARNING [Blockchain] No actual blockchain cache found, rebuilding internal structures...
2018-Sep-26 02:43:55.262762 INFO    [Blockchain] Height 0 of 3
2018-Sep-26 02:43:55.262960 INFO    [Blockchain] Rebuilding internal structures took: 0.000200286
2018-Sep-26 02:43:55.263043 INFO    [Blockchain] Blockchain initialized. last block: 2, d0.h19.m56.s57 time ago, current difficulty: 120
2018-Sep-26 02:43:55.263091 INFO    [daemon] Core initialized OK
2018-Sep-26 02:43:55.263208 INFO    [daemon] Starting core rpc server on address 127.0.0.1:18236
2018-Sep-26 02:43:55.263299 INFO    [daemon] Core rpc server started ok
2018-Sep-26 02:43:55.263356 INFO    [daemon] Starting p2p net loop...
2018-Sep-26 02:43:55.263398 INFO    [node_server] Starting node_server
2018-Sep-26 02:44:01.591183 INFO    [protocol] [206.189.232.35:17236 OUT] Sync data returned unknown top block: 2 -> 4 [2 blocks (0 days) behind] 
2018-Sep-26 02:44:01.591183 INFO    [protocol] SYNCHRONIZATION started
2018-Sep-26 02:44:03.470306 INFO    [protocol] [206.189.232.35:17236 OUT] SYNCHRONIZED OK
2018-Sep-26 02:44:03.470377 INFO    [protocol] 
2018-Sep-26 02:44:03.470377 INFO    [protocol] **********************************************************************
2018-Sep-26 02:44:03.470377 INFO    [protocol] You are now synchronized with the network. You may now start simplewallet.
2018-Sep-26 02:44:03.470377 INFO    [protocol] 
2018-Sep-26 02:44:03.470377 INFO    [protocol] Please note, that the blockchain will be saved only after you quit the daemon with "exit" command or if you use "save" command.
2018-Sep-26 02:44:03.470377 INFO    [protocol] Otherwise, you will possibly need to synchronize the blockchain again.
2018-Sep-26 02:44:03.470377 INFO    [protocol] 
2018-Sep-26 02:44:03.470377 INFO    [protocol] Use "help" command to see the list of available commands.
2018-Sep-26 02:44:03.470377 INFO    [protocol] **********************************************************************
2018-Sep-26 02:44:07.325321 INFO    [core] 
2018-Sep-26 02:44:07.325321 INFO    [core] **********************************************************************
2018-Sep-26 02:44:07.325321 INFO    [core] The daemon will start synchronizing with the network. It may take up to several hours.
2018-Sep-26 02:44:07.325321 INFO    [core] 
2018-Sep-26 02:44:07.325321 INFO    [core] You can set the level of process detailization* through "set_log <level>" command*, where <level> is between 0 (no details) and 4 (very verbose).
2018-Sep-26 02:44:07.325321 INFO    [core] 
2018-Sep-26 02:44:07.325321 INFO    [core] Use "help" command to see the list of available commands.
2018-Sep-26 02:44:07.325321 INFO    [core] 
2018-Sep-26 02:44:07.325321 INFO    [core] Note: in case you need to interrupt the process, use "exit" command. Otherwise, the current progress won't be saved.
2018-Sep-26 02:44:07.325321 INFO    [core] **********************************************************************
2018-Sep-26 03:06:36.027418 INFO    [daemon] BitPrivate v1.5.2.hotfix-001
2018-Sep-26 03:06:36.057651 INFO    [daemon] Module folder: ./BitPrivated
2018-Sep-26 03:06:36.059210 INFO    [daemon] Initializing p2p server...
2018-Sep-26 03:06:36.059356 INFO    [node_server] Network: ef63bebe-ca66-5ab3-a540-b58b08f40f42
2018-Sep-26 03:06:36.059403 INFO    [node_server] Binding on 0.0.0.0:17236
2018-Sep-26 03:06:36.061201 INFO    [miner] Mining has been stopped, 0 finished
2018-Sep-26 03:06:36.061321 ERROR   [daemon] Exception: TcpListener::TcpListener, bind failed, result=98, Address already in use
2018-Sep-26 03:06:51.651134 INFO    [daemon] BitPrivate v1.5.2.hotfix-001
2018-Sep-26 03:06:51.651366 INFO    [daemon] Module folder: ./BitPrivated
2018-Sep-26 03:06:51.653046 INFO    [daemon] Initializing p2p server...
2018-Sep-26 03:06:51.653611 INFO    [node_server] Network: ef63bebe-ca66-5ab3-a540-b58b08f40f42
2018-Sep-26 03:06:51.653705 INFO    [node_server] Binding on 0.0.0.0:17236
2018-Sep-26 03:06:51.653826 INFO    [node_server] Net service binded on 0.0.0.0:17236
2018-Sep-26 03:06:51.653901 INFO    [node_server] Attempting to add IGD port mapping.
2018-Sep-26 03:06:55.658788 INFO    [node_server] No IGD was found.
2018-Sep-26 03:06:55.659005 INFO    [daemon] P2p server initialized OK
2018-Sep-26 03:06:55.659139 INFO    [daemon] Initializing core...
2018-Sep-26 03:06:55.659418 INFO    [Blockchain] Loading blockchain...
2018-Sep-26 03:06:55.659711 INFO    [BlockCacheSerializer] - loading block index...
2018-Sep-26 03:06:55.659993 INFO    [BlockCacheSerializer] - loading transaction map...
2018-Sep-26 03:06:55.660362 INFO    [BlockCacheSerializer] - loading spent keys...
2018-Sep-26 03:06:55.660478 INFO    [BlockCacheSerializer] - loading outputs...
2018-Sep-26 03:06:55.661671 INFO    [BlockCacheSerializer] - loading multi-signature outputs...
2018-Sep-26 03:06:55.661798 INFO    [BlockCacheSerializer] Serialization time: 2ms
2018-Sep-26 03:06:55.668738 INFO    [Blockchain] Blockchain initialized. last block: 235, d0.h00.m09.s38 time ago, current difficulty: 36
2018-Sep-26 03:06:55.668929 INFO    [daemon] Core initialized OK
2018-Sep-26 03:06:55.669207 INFO    [daemon] Starting core rpc server on address 127.0.0.1:18236
2018-Sep-26 03:06:55.669458 INFO    [daemon] Core rpc server started ok
2018-Sep-26 03:06:55.669599 INFO    [daemon] Starting p2p net loop...
2018-Sep-26 03:06:55.669712 INFO    [node_server] Starting node_server
2018-Sep-26 03:07:02.614442 INFO    [protocol] 
2018-Sep-26 03:07:02.614442 INFO    [protocol] **********************************************************************
2018-Sep-26 03:07:02.614442 INFO    [protocol] You are now synchronized with the network. You may now start simplewallet.
2018-Sep-26 03:07:02.614442 INFO    [protocol] 
2018-Sep-26 03:07:02.614442 INFO    [protocol] Please note, that the blockchain will be saved only after you quit the daemon with "exit" command or if you use "save" command.
2018-Sep-26 03:07:02.614442 INFO    [protocol] Otherwise, you will possibly need to synchronize the blockchain again.
2018-Sep-26 03:07:02.614442 INFO    [protocol] 
2018-Sep-26 03:07:02.614442 INFO    [protocol] Use "help" command to see the list of available commands.
2018-Sep-26 03:07:02.614442 INFO    [protocol] **********************************************************************
2018-Sep-26 03:07:08.349535 INFO    [core] 
2018-Sep-26 03:07:08.349535 INFO    [core] **********************************************************************
2018-Sep-26 03:07:08.349535 INFO    [core] The daemon will start synchronizing with the network. It may take up to several hours.
2018-Sep-26 03:07:08.349535 INFO    [core] 
2018-Sep-26 03:07:08.349535 INFO    [core] You can set the level of process detailization* through "set_log <level>" command*, where <level> is between 0 (no details) and 4 (very verbose).
2018-Sep-26 03:07:08.349535 INFO    [core] 
2018-Sep-26 03:07:08.349535 INFO    [core] Use "help" command to see the list of available commands.
2018-Sep-26 03:07:08.349535 INFO    [core] 
2018-Sep-26 03:07:08.349535 INFO    [core] Note: in case you need to interrupt the process, use "exit" command. Otherwise, the current progress won't be saved.
2018-Sep-26 03:07:08.349535 INFO    [core] **********************************************************************
2018-Sep-26 03:24:27.305978 INFO    [daemon] BitPrivate v1.5.2.hotfix-001
2018-Sep-26 03:24:27.339858 INFO    [daemon] Module folder: ./BitPrivated
2018-Sep-26 03:24:27.341526 INFO    [daemon] Initializing p2p server...
2018-Sep-26 03:24:27.350180 INFO    [node_server] Network: ef63bebe-ca66-5ab3-a540-b58b08f40f42
2018-Sep-26 03:24:27.350278 INFO    [node_server] Binding on 0.0.0.0:17236
2018-Sep-26 03:24:27.350353 INFO    [node_server] Net service binded on 0.0.0.0:17236
2018-Sep-26 03:24:27.350395 INFO    [node_server] Attempting to add IGD port mapping.
2018-Sep-26 03:24:31.360015 INFO    [node_server] No IGD was found.
2018-Sep-26 03:24:31.360173 INFO    [daemon] P2p server initialized OK
2018-Sep-26 03:24:31.360623 INFO    [daemon] Initializing core...
2018-Sep-26 03:24:31.399069 INFO    [Blockchain] Loading blockchain...
2018-Sep-26 03:24:31.416521 WARNING [Blockchain] No actual blockchain cache found, rebuilding internal structures...
2018-Sep-26 03:24:31.416609 INFO    [Blockchain] Height 0 of 562
2018-Sep-26 03:24:31.522607 INFO    [Blockchain] Rebuilding internal structures took: 0.105999
2018-Sep-26 03:24:31.522861 INFO    [Blockchain] Blockchain initialized. last block: 561, d0.h00.m11.s45 time ago, current difficulty: 61
2018-Sep-26 03:24:31.522922 INFO    [daemon] Core initialized OK
2018-Sep-26 03:24:31.523082 INFO    [daemon] Starting core rpc server on address 127.0.0.1:18236
2018-Sep-26 03:24:31.523206 INFO    [daemon] Core rpc server started ok
2018-Sep-26 03:24:31.523260 INFO    [daemon] Starting p2p net loop...
2018-Sep-26 03:24:31.523318 INFO    [node_server] Starting node_server
2018-Sep-26 03:24:38.708321 INFO    [protocol] 
2018-Sep-26 03:24:38.708321 INFO    [protocol] **********************************************************************
2018-Sep-26 03:24:38.708321 INFO    [protocol] You are now synchronized with the network. You may now start simplewallet.
2018-Sep-26 03:24:38.708321 INFO    [protocol] 
2018-Sep-26 03:24:38.708321 INFO    [protocol] Please note, that the blockchain will be saved only after you quit the daemon with "exit" command or if you use "save" command.
2018-Sep-26 03:24:38.708321 INFO    [protocol] Otherwise, you will possibly need to synchronize the blockchain again.
2018-Sep-26 03:24:38.708321 INFO    [protocol] 
2018-Sep-26 03:24:38.708321 INFO    [protocol] Use "help" command to see the list of available commands.
2018-Sep-26 03:24:38.708321 INFO    [protocol] **********************************************************************
2018-Sep-26 03:24:44.451189 INFO    [core] 
2018-Sep-26 03:24:44.451189 INFO    [core] **********************************************************************
2018-Sep-26 03:24:44.451189 INFO    [core] The daemon will start synchronizing with the network. It may take up to several hours.
2018-Sep-26 03:24:44.451189 INFO    [core] 
2018-Sep-26 03:24:44.451189 INFO    [core] You can set the level of process detailization* through "set_log <level>" command*, where <level> is between 0 (no details) and 4 (very verbose).
2018-Sep-26 03:24:44.451189 INFO    [core] 
2018-Sep-26 03:24:44.451189 INFO    [core] Use "help" command to see the list of available commands.
2018-Sep-26 03:24:44.451189 INFO    [core] 
2018-Sep-26 03:24:44.451189 INFO    [core] Note: in case you need to interrupt the process, use "exit" command. Otherwise, the current progress won't be saved.
2018-Sep-26 03:24:44.451189 INFO    [core] **********************************************************************
2018-Sep-26 18:54:01.909047 INFO    [daemon] BitPrivate v1.5.2.hotfix-001
2018-Sep-26 18:54:01.935458 INFO    [daemon] Module folder: ./BitPrivated
2018-Sep-26 18:54:01.937057 INFO    [daemon] Initializing p2p server...
2018-Sep-26 18:54:01.948502 INFO    [node_server] Network: ef63bebe-ca66-5ab3-a540-b58b08f40f42
2018-Sep-26 18:54:01.948579 INFO    [node_server] Binding on 0.0.0.0:17236
2018-Sep-26 18:54:01.948649 INFO    [node_server] Net service binded on 0.0.0.0:17236
2018-Sep-26 18:54:01.948687 INFO    [node_server] Attempting to add IGD port mapping.
2018-Sep-26 18:54:05.953103 INFO    [node_server] No IGD was found.
2018-Sep-26 18:54:05.953186 INFO    [daemon] P2p server initialized OK
2018-Sep-26 18:54:05.953236 INFO    [daemon] Initializing core...
2018-Sep-26 18:54:06.153323 INFO    [Blockchain] Loading blockchain...
2018-Sep-26 18:54:06.231039 WARNING [Blockchain] No actual blockchain cache found, rebuilding internal structures...
2018-Sep-26 18:54:06.231133 INFO    [Blockchain] Height 0 of 847
2018-Sep-26 18:54:06.488911 INFO    [Blockchain] Rebuilding internal structures took: 0.257779
2018-Sep-26 18:54:06.489208 INFO    [Blockchain] Blockchain initialized. last block: 846, d0.h10.m26.s43 time ago, current difficulty: 4632
2018-Sep-26 18:54:06.489256 INFO    [daemon] Core initialized OK
2018-Sep-26 18:54:06.489383 INFO    [daemon] Starting core rpc server on address 127.0.0.1:18236
2018-Sep-26 18:54:06.489490 INFO    [daemon] Core rpc server started ok
2018-Sep-26 18:54:06.489534 INFO    [daemon] Starting p2p net loop...
2018-Sep-26 18:54:06.489569 INFO    [node_server] Starting node_server
2018-Sep-26 18:54:14.371607 INFO    [protocol] 
2018-Sep-26 18:54:14.371607 INFO    [protocol] **********************************************************************
2018-Sep-26 18:54:14.371607 INFO    [protocol] You are now synchronized with the network. You may now start simplewallet.
2018-Sep-26 18:54:14.371607 INFO    [protocol] 
2018-Sep-26 18:54:14.371607 INFO    [protocol] Please note, that the blockchain will be saved only after you quit the daemon with "exit" command or if you use "save" command.
2018-Sep-26 18:54:14.371607 INFO    [protocol] Otherwise, you will possibly need to synchronize the blockchain again.
2018-Sep-26 18:54:14.371607 INFO    [protocol] 
2018-Sep-26 18:54:14.371607 INFO    [protocol] Use "help" command to see the list of available commands.
2018-Sep-26 18:54:14.371607 INFO    [protocol] **********************************************************************
2018-Sep-26 18:54:20.355532 INFO    [core] 
2018-Sep-26 18:54:20.355532 INFO    [core] **********************************************************************
2018-Sep-26 18:54:20.355532 INFO    [core] The daemon will start synchronizing with the network. It may take up to several hours.
2018-Sep-26 18:54:20.355532 INFO    [core] 
2018-Sep-26 18:54:20.355532 INFO    [core] You can set the level of process detailization* through "set_log <level>" command*, where <level> is between 0 (no details) and 4 (very verbose).
2018-Sep-26 18:54:20.355532 INFO    [core] 
2018-Sep-26 18:54:20.355532 INFO    [core] Use "help" command to see the list of available commands.
2018-Sep-26 18:54:20.355532 INFO    [core] 
2018-Sep-26 18:54:20.355532 INFO    [core] Note: in case you need to interrupt the process, use "exit" command. Otherwise, the current progress won't be saved.
2018-Sep-26 18:54:20.355532 INFO    [core] **********************************************************************
2018-Sep-28 06:03:51.423803 INFO    [daemon] BitPrivate v1.5.2.hotfix-001
2018-Sep-28 06:03:51.449535 INFO    [daemon] Module folder: ./BitPrivated
2018-Sep-28 06:03:51.451314 INFO    [daemon] Initializing p2p server...
2018-Sep-28 06:03:51.465862 INFO    [node_server] Network: ef63bebe-ca66-5ab3-a540-b58b08f40f42
2018-Sep-28 06:03:51.465948 INFO    [node_server] Binding on 0.0.0.0:17236
2018-Sep-28 06:03:51.466042 INFO    [node_server] Net service binded on 0.0.0.0:17236
2018-Sep-28 06:03:51.466089 INFO    [node_server] Attempting to add IGD port mapping.
2018-Sep-28 06:03:56.777679 INFO    [daemon] BitPrivate v1.5.2.hotfix-001
2018-Sep-28 06:03:56.778001 INFO    [daemon] Module folder: ./BitPrivated
2018-Sep-28 06:03:56.780224 INFO    [daemon] Initializing p2p server...
2018-Sep-28 06:03:56.780688 INFO    [node_server] Network: ef63bebe-ca66-5ab3-a540-b58b08f40f42
2018-Sep-28 06:03:56.780920 INFO    [node_server] Binding on 0.0.0.0:17236
2018-Sep-28 06:03:56.781190 INFO    [node_server] Net service binded on 0.0.0.0:17236
2018-Sep-28 06:03:56.781360 INFO    [node_server] Attempting to add IGD port mapping.
2018-Sep-28 06:04:00.785391 INFO    [node_server] No IGD was found.
2018-Sep-28 06:04:00.785689 INFO    [daemon] P2p server initialized OK
2018-Sep-28 06:04:00.785877 INFO    [daemon] Initializing core...
2018-Sep-28 06:04:00.838212 INFO    [Blockchain] Loading blockchain...
2018-Sep-28 06:04:00.850479 INFO    [BlockCacheSerializer] - loading block index...
2018-Sep-28 06:04:00.851342 INFO    [BlockCacheSerializer] - loading transaction map...
2018-Sep-28 06:04:00.851965 INFO    [BlockCacheSerializer] - loading spent keys...
2018-Sep-28 06:04:00.852031 INFO    [BlockCacheSerializer] - loading outputs...
2018-Sep-28 06:04:00.853641 INFO    [BlockCacheSerializer] - loading multi-signature outputs...
2018-Sep-28 06:04:00.853690 INFO    [BlockCacheSerializer] Serialization time: 15ms
2018-Sep-28 06:04:00.890995 INFO    [Blockchain] Blockchain initialized. last block: 1084, d1.h05.m39.s12 time ago, current difficulty: 2356
2018-Sep-28 06:04:00.891087 INFO    [daemon] Core initialized OK
2018-Sep-28 06:04:00.891223 INFO    [daemon] Starting core rpc server on address 127.0.0.1:18236
2018-Sep-28 06:04:00.891325 INFO    [daemon] Core rpc server started ok
2018-Sep-28 06:04:00.891374 INFO    [daemon] Starting p2p net loop...
2018-Sep-28 06:04:00.891425 INFO    [node_server] Starting node_server
2018-Sep-28 06:04:02.630729 INFO    [protocol] 
2018-Sep-28 06:04:02.630729 INFO    [protocol] **********************************************************************
2018-Sep-28 06:04:02.630729 INFO    [protocol] You are now synchronized with the network. You may now start simplewallet.
2018-Sep-28 06:04:02.630729 INFO    [protocol] 
2018-Sep-28 06:04:02.630729 INFO    [protocol] Please note, that the blockchain will be saved only after you quit the daemon with "exit" command or if you use "save" command.
2018-Sep-28 06:04:02.630729 INFO    [protocol] Otherwise, you will possibly need to synchronize the blockchain again.
2018-Sep-28 06:04:02.630729 INFO    [protocol] 
2018-Sep-28 06:04:02.630729 INFO    [protocol] Use "help" command to see the list of available commands.
2018-Sep-28 06:04:02.630729 INFO    [protocol] **********************************************************************
2018-Sep-28 06:04:03.069052 INFO    [core] 
2018-Sep-28 06:04:03.069052 INFO    [core] **********************************************************************
2018-Sep-28 06:04:03.069052 INFO    [core] The daemon will start synchronizing with the network. It may take up to several hours.
2018-Sep-28 06:04:03.069052 INFO    [core] 
2018-Sep-28 06:04:03.069052 INFO    [core] You can set the level of process detailization* through "set_log <level>" command*, where <level> is between 0 (no details) and 4 (very verbose).
2018-Sep-28 06:04:03.069052 INFO    [core] 
2018-Sep-28 06:04:03.069052 INFO    [core] Use "help" command to see the list of available commands.
2018-Sep-28 06:04:03.069052 INFO    [core] 
2018-Sep-28 06:04:03.069052 INFO    [core] Note: in case you need to interrupt the process, use "exit" command. Otherwise, the current progress won't be saved.
2018-Sep-28 06:04:03.069052 INFO    [core] **********************************************************************
2018-Sep-28 06:14:41.423006 INFO    [daemon] BitPrivate v1.5.2.hotfix-001
2018-Sep-28 06:14:41.433176 INFO    [daemon] Module folder: ./BitPrivated
2018-Sep-28 06:14:41.433875 INFO    [daemon] Initializing p2p server...
2018-Sep-28 06:14:41.434055 INFO    [node_server] Network: ef63bebe-ca66-5ab3-a540-b58b08f40f42
2018-Sep-28 06:14:41.434109 INFO    [node_server] Binding on 0.0.0.0:17236
2018-Sep-28 06:14:41.434199 INFO    [node_server] Net service binded on 0.0.0.0:17236
2018-Sep-28 06:14:41.434246 INFO    [node_server] Attempting to add IGD port mapping.
2018-Sep-28 06:14:45.438801 INFO    [node_server] No IGD was found.
2018-Sep-28 06:14:45.439018 INFO    [daemon] P2p server initialized OK
2018-Sep-28 06:14:45.439149 INFO    [daemon] Initializing core...
2018-Sep-28 06:14:45.439514 INFO    [Blockchain] Loading blockchain...
2018-Sep-28 06:14:45.495747 INFO    [BlockCacheSerializer] - loading block index...
2018-Sep-28 06:14:45.496083 INFO    [BlockCacheSerializer] - loading transaction map...
2018-Sep-28 06:14:45.496586 INFO    [BlockCacheSerializer] - loading spent keys...
2018-Sep-28 06:14:45.496646 INFO    [BlockCacheSerializer] - loading outputs...
2018-Sep-28 06:14:45.498262 INFO    [BlockCacheSerializer] - loading multi-signature outputs...
2018-Sep-28 06:14:45.498359 INFO    [BlockCacheSerializer] Serialization time: 2ms
2018-Sep-28 06:14:45.532238 INFO    [Blockchain] Blockchain initialized. last block: 1084, d1.h05.m49.s57 time ago, current difficulty: 2356
2018-Sep-28 06:14:45.532372 INFO    [daemon] Core initialized OK
2018-Sep-28 06:14:45.532518 INFO    [daemon] Starting core rpc server on address 127.0.0.1:18236
2018-Sep-28 06:14:45.632972 INFO    [miner] Mining has been stopped, 0 finished
2018-Sep-28 06:14:45.634939 ERROR   [daemon] Exception: TcpListener::TcpListener, bind failed, result=98, Address already in use
2018-Sep-28 06:14:49.018633 INFO    [daemon] BitPrivate v1.5.2.hotfix-001
2018-Sep-28 06:14:49.019078 INFO    [daemon] Module folder: ./BitPrivated
2018-Sep-28 06:14:49.021464 INFO    [daemon] Initializing p2p server...
2018-Sep-28 06:14:49.021628 INFO    [node_server] Network: ef63bebe-ca66-5ab3-a540-b58b08f40f42
2018-Sep-28 06:14:49.021676 INFO    [node_server] Binding on 0.0.0.0:17236
2018-Sep-28 06:14:49.021741 INFO    [node_server] Net service binded on 0.0.0.0:17236
2018-Sep-28 06:14:49.021781 INFO    [node_server] Attempting to add IGD port mapping.
2018-Sep-28 06:14:53.025591 INFO    [node_server] No IGD was found.
2018-Sep-28 06:14:53.025850 INFO    [daemon] P2p server initialized OK
2018-Sep-28 06:14:53.025962 INFO    [daemon] Initializing core...
2018-Sep-28 06:14:53.026342 INFO    [Blockchain] Loading blockchain...
2018-Sep-28 06:14:53.026608 INFO    [BlockCacheSerializer] - loading block index...
2018-Sep-28 06:14:53.027341 INFO    [BlockCacheSerializer] - loading transaction map...
2018-Sep-28 06:14:53.028360 INFO    [BlockCacheSerializer] - loading spent keys...
2018-Sep-28 06:14:53.028487 INFO    [BlockCacheSerializer] - loading outputs...
2018-Sep-28 06:14:53.032903 INFO    [BlockCacheSerializer] - loading multi-signature outputs...
2018-Sep-28 06:14:53.033050 INFO    [BlockCacheSerializer] Serialization time: 6ms
2018-Sep-28 06:14:53.041543 INFO    [Blockchain] Blockchain initialized. last block: 1084, d1.h05.m50.s05 time ago, current difficulty: 2356
2018-Sep-28 06:14:53.041624 INFO    [daemon] Core initialized OK
2018-Sep-28 06:14:53.041730 INFO    [daemon] Starting core rpc server on address 127.0.0.1:18236
2018-Sep-28 06:14:53.142142 INFO    [miner] Mining has been stopped, 0 finished
2018-Sep-28 06:14:53.144134 ERROR   [daemon] Exception: TcpListener::TcpListener, bind failed, result=98, Address already in use
2018-Sep-28 06:14:57.622452 INFO    [daemon] BitPrivate v1.5.2.hotfix-001
2018-Sep-28 06:14:57.622962 INFO    [daemon] Module folder: ./BitPrivated
2018-Sep-28 06:14:57.624551 INFO    [daemon] Initializing p2p server...
2018-Sep-28 06:14:57.624735 INFO    [node_server] Network: ef63bebe-ca66-5ab3-a540-b58b08f40f42
2018-Sep-28 06:14:57.624797 INFO    [node_server] Binding on 0.0.0.0:17236
2018-Sep-28 06:14:57.624881 INFO    [node_server] Net service binded on 0.0.0.0:17236
2018-Sep-28 06:14:57.624931 INFO    [node_server] Attempting to add IGD port mapping.
2018-Sep-28 06:15:01.629657 INFO    [node_server] No IGD was found.
2018-Sep-28 06:15:01.629879 INFO    [daemon] P2p server initialized OK
2018-Sep-28 06:15:01.630083 INFO    [daemon] Initializing core...
2018-Sep-28 06:15:01.630608 INFO    [Blockchain] Loading blockchain...
2018-Sep-28 06:15:01.630901 INFO    [BlockCacheSerializer] - loading block index...
2018-Sep-28 06:15:01.631610 INFO    [BlockCacheSerializer] - loading transaction map...
2018-Sep-28 06:15:01.632608 INFO    [BlockCacheSerializer] - loading spent keys...
2018-Sep-28 06:15:01.632729 INFO    [BlockCacheSerializer] - loading outputs...
2018-Sep-28 06:15:01.637300 INFO    [BlockCacheSerializer] - loading multi-signature outputs...
2018-Sep-28 06:15:01.637469 INFO    [BlockCacheSerializer] Serialization time: 6ms
2018-Sep-28 06:15:01.648553 INFO    [Blockchain] Blockchain initialized. last block: 1084, d1.h05.m50.s13 time ago, current difficulty: 2356
2018-Sep-28 06:15:01.648632 INFO    [daemon] Core initialized OK
2018-Sep-28 06:15:01.648767 INFO    [daemon] Starting core rpc server on address 127.0.0.1:18236
2018-Sep-28 06:15:01.749167 INFO    [miner] Mining has been stopped, 0 finished
2018-Sep-28 06:15:01.751611 ERROR   [daemon] Exception: TcpListener::TcpListener, bind failed, result=98, Address already in use
2018-Sep-28 06:15:47.409935 INFO    [daemon] BitPrivate v1.5.2.hotfix-001
2018-Sep-28 06:15:47.410148 INFO    [daemon] Module folder: ./BitPrivated
2018-Sep-28 06:15:47.410967 INFO    [daemon] Initializing p2p server...
2018-Sep-28 06:15:47.411136 INFO    [node_server] Network: ef63bebe-ca66-5ab3-a540-b58b08f40f42
2018-Sep-28 06:15:47.411197 INFO    [node_server] Binding on 0.0.0.0:17236
2018-Sep-28 06:15:47.411286 INFO    [node_server] Net service binded on 0.0.0.0:17236
2018-Sep-28 06:15:47.411340 INFO    [node_server] Attempting to add IGD port mapping.
2018-Sep-28 06:15:51.415219 INFO    [node_server] No IGD was found.
2018-Sep-28 06:15:51.415456 INFO    [daemon] P2p server initialized OK
2018-Sep-28 06:15:51.415628 INFO    [daemon] Initializing core...
2018-Sep-28 06:15:51.416042 INFO    [Blockchain] Loading blockchain...
2018-Sep-28 06:15:51.416350 INFO    [BlockCacheSerializer] - loading block index...
2018-Sep-28 06:15:51.417111 INFO    [BlockCacheSerializer] - loading transaction map...
2018-Sep-28 06:15:51.418229 INFO    [BlockCacheSerializer] - loading spent keys...
2018-Sep-28 06:15:51.418366 INFO    [BlockCacheSerializer] - loading outputs...
2018-Sep-28 06:15:51.422780 INFO    [BlockCacheSerializer] - loading multi-signature outputs...
2018-Sep-28 06:15:51.422957 INFO    [BlockCacheSerializer] Serialization time: 6ms
2018-Sep-28 06:15:51.432857 INFO    [Blockchain] Blockchain initialized. last block: 1084, d1.h05.m51.s03 time ago, current difficulty: 2356
2018-Sep-28 06:15:51.432937 INFO    [daemon] Core initialized OK
2018-Sep-28 06:15:51.433062 INFO    [daemon] Starting core rpc server on address 127.0.0.1:18236
2018-Sep-28 06:15:51.433181 INFO    [daemon] Core rpc server started ok
2018-Sep-28 06:15:51.433225 INFO    [daemon] Starting p2p net loop...
2018-Sep-28 06:15:51.433293 INFO    [node_server] Starting node_server
2018-Sep-28 06:15:53.016406 INFO    [protocol] 
2018-Sep-28 06:15:53.016406 INFO    [protocol] **********************************************************************
2018-Sep-28 06:15:53.016406 INFO    [protocol] You are now synchronized with the network. You may now start simplewallet.
2018-Sep-28 06:15:53.016406 INFO    [protocol] 
2018-Sep-28 06:15:53.016406 INFO    [protocol] Please note, that the blockchain will be saved only after you quit the daemon with "exit" command or if you use "save" command.
2018-Sep-28 06:15:53.016406 INFO    [protocol] Otherwise, you will possibly need to synchronize the blockchain again.
2018-Sep-28 06:15:53.016406 INFO    [protocol] 
2018-Sep-28 06:15:53.016406 INFO    [protocol] Use "help" command to see the list of available commands.
2018-Sep-28 06:15:53.016406 INFO    [protocol] **********************************************************************
2018-Sep-28 06:15:53.143037 INFO    [core] 
2018-Sep-28 06:15:53.143037 INFO    [core] **********************************************************************
2018-Sep-28 06:15:53.143037 INFO    [core] The daemon will start synchronizing with the network. It may take up to several hours.
2018-Sep-28 06:15:53.143037 INFO    [core] 
2018-Sep-28 06:15:53.143037 INFO    [core] You can set the level of process detailization* through "set_log <level>" command*, where <level> is between 0 (no details) and 4 (very verbose).
2018-Sep-28 06:15:53.143037 INFO    [core] 
2018-Sep-28 06:15:53.143037 INFO    [core] Use "help" command to see the list of available commands.
2018-Sep-28 06:15:53.143037 INFO    [core] 
2018-Sep-28 06:15:53.143037 INFO    [core] Note: in case you need to interrupt the process, use "exit" command. Otherwise, the current progress won't be saved.
2018-Sep-28 06:15:53.143037 INFO    [core] **********************************************************************
2018-Sep-28 06:24:03.186552 INFO    [node_server] Stop signal sent
2018-Sep-28 06:24:03.186812 INFO    [node_server] Stopping NodeServer and it's2 connections...
2018-Sep-28 06:24:03.187429 INFO    [node_server] NodeServer loop stopped
2018-Sep-28 06:24:03.187561 INFO    [daemon] p2p net loop stopped
2018-Sep-28 06:24:03.187724 INFO    [daemon] Stopping core rpc server...
2018-Sep-28 06:24:03.187953 INFO    [daemon] Deinitializing core...
2018-Sep-28 06:24:03.188083 INFO    [miner] Mining has been stopped, 0 finished
2018-Sep-28 06:24:03.188500 INFO    [Blockchain] Saving blockchain...
2018-Sep-28 06:24:03.188809 INFO    [BlockCacheSerializer] - saving block index...
2018-Sep-28 06:24:03.189219 INFO    [BlockCacheSerializer] - saving transaction map...
2018-Sep-28 06:24:03.190000 INFO    [BlockCacheSerializer] - saving spent keys...
2018-Sep-28 06:24:03.190168 INFO    [BlockCacheSerializer] - saving outputs...
2018-Sep-28 06:24:03.191194 INFO    [BlockCacheSerializer] - saving multi-signature outputs...
2018-Sep-28 06:24:03.191317 INFO    [BlockCacheSerializer] Serialization time: 2ms
2018-Sep-28 06:24:03.191646 INFO    [daemon] Deinitializing p2p...
2018-Sep-28 06:24:03.192305 INFO    [miner] Mining has been stopped, 0 finished
2018-Sep-28 06:24:03.194650 INFO    [daemon] Node stopped.
2018-Sep-28 06:24:19.580108 INFO    [daemon] BitPrivate v1.5.2.hotfix-001
2018-Sep-28 06:24:19.580609 INFO    [daemon] Module folder: ./BitPrivated
2018-Sep-28 06:24:19.582721 INFO    [daemon] Initializing p2p server...
2018-Sep-28 06:24:19.583073 INFO    [node_server] Network: ef63bebe-ca66-5ab3-a540-b58b08f40f42
2018-Sep-28 06:24:19.583245 INFO    [node_server] Binding on 0.0.0.0:17236
2018-Sep-28 06:24:19.583407 INFO    [node_server] Net service binded on 0.0.0.0:17236
2018-Sep-28 06:24:19.583515 INFO    [node_server] Attempting to add IGD port mapping.
2018-Sep-28 06:24:23.588255 INFO    [node_server] No IGD was found.
2018-Sep-28 06:24:23.588550 INFO    [daemon] P2p server initialized OK
2018-Sep-28 06:24:23.588703 INFO    [daemon] Initializing core...
2018-Sep-28 06:24:23.589237 INFO    [Blockchain] Loading blockchain...
2018-Sep-28 06:24:23.589745 INFO    [BlockCacheSerializer] - loading block index...
2018-Sep-28 06:24:23.590551 INFO    [BlockCacheSerializer] - loading transaction map...
2018-Sep-28 06:24:23.591625 INFO    [BlockCacheSerializer] - loading spent keys...
2018-Sep-28 06:24:23.591756 INFO    [BlockCacheSerializer] - loading outputs...
2018-Sep-28 06:24:23.595397 INFO    [BlockCacheSerializer] - loading multi-signature outputs...
2018-Sep-28 06:24:23.595488 INFO    [BlockCacheSerializer] Serialization time: 5ms
2018-Sep-28 06:24:23.608706 INFO    [Blockchain] Blockchain initialized. last block: 1084, d1.h05.m59.s35 time ago, current difficulty: 2356
2018-Sep-28 06:24:23.608816 INFO    [daemon] Core initialized OK
2018-Sep-28 06:24:23.608954 INFO    [daemon] Starting core rpc server on address 127.0.0.1:18236
2018-Sep-28 06:24:23.709328 INFO    [miner] Mining has been stopped, 0 finished
2018-Sep-28 06:24:23.711537 ERROR   [daemon] Exception: TcpListener::TcpListener, bind failed, result=98, Address already in use
2018-Sep-28 06:24:31.694554 INFO    [daemon] BitPrivate v1.5.2.hotfix-001
2018-Sep-28 06:24:31.694998 INFO    [daemon] Module folder: ./BitPrivated
2018-Sep-28 06:24:31.696892 INFO    [daemon] Initializing p2p server...
2018-Sep-28 06:24:31.697049 INFO    [node_server] Network: ef63bebe-ca66-5ab3-a540-b58b08f40f42
2018-Sep-28 06:24:31.697096 INFO    [node_server] Binding on 0.0.0.0:17236
2018-Sep-28 06:24:31.697160 INFO    [node_server] Net service binded on 0.0.0.0:17236
2018-Sep-28 06:24:31.697200 INFO    [node_server] Attempting to add IGD port mapping.
2018-Sep-28 06:24:35.701835 INFO    [node_server] No IGD was found.
2018-Sep-28 06:24:35.702109 INFO    [daemon] P2p server initialized OK
2018-Sep-28 06:24:35.702247 INFO    [daemon] Initializing core...
2018-Sep-28 06:24:35.702629 INFO    [Blockchain] Loading blockchain...
2018-Sep-28 06:24:35.703009 INFO    [BlockCacheSerializer] - loading block index...
2018-Sep-28 06:24:35.703984 INFO    [BlockCacheSerializer] - loading transaction map...
2018-Sep-28 06:24:35.705178 INFO    [BlockCacheSerializer] - loading spent keys...
2018-Sep-28 06:24:35.705324 INFO    [BlockCacheSerializer] - loading outputs...
2018-Sep-28 06:24:35.709910 INFO    [BlockCacheSerializer] - loading multi-signature outputs...
2018-Sep-28 06:24:35.710194 INFO    [BlockCacheSerializer] Serialization time: 7ms
2018-Sep-28 06:24:35.720729 INFO    [Blockchain] Blockchain initialized. last block: 1084, d1.h05.m59.s47 time ago, current difficulty: 2356
2018-Sep-28 06:24:35.720809 INFO    [daemon] Core initialized OK
2018-Sep-28 06:24:35.720943 INFO    [daemon] Starting core rpc server on address 127.0.0.1:18236
2018-Sep-28 06:24:35.821274 INFO    [miner] Mining has been stopped, 0 finished
2018-Sep-28 06:24:35.823371 ERROR   [daemon] Exception: TcpListener::TcpListener, bind failed, result=98, Address already in use
2018-Sep-28 06:25:22.017808 INFO    [daemon] BitPrivate v1.5.2.hotfix-001
2018-Sep-28 06:25:22.018115 INFO    [daemon] Module folder: ./BitPrivated
2018-Sep-28 06:25:22.019072 INFO    [daemon] Initializing p2p server...
2018-Sep-28 06:25:22.019260 INFO    [node_server] Network: ef63bebe-ca66-5ab3-a540-b58b08f40f42
2018-Sep-28 06:25:22.019331 INFO    [node_server] Binding on 0.0.0.0:17236
2018-Sep-28 06:25:22.019422 INFO    [node_server] Net service binded on 0.0.0.0:17236
2018-Sep-28 06:25:22.019482 INFO    [node_server] Attempting to add IGD port mapping.
2018-Sep-28 06:25:26.023370 INFO    [node_server] No IGD was found.
2018-Sep-28 06:25:26.023608 INFO    [daemon] P2p server initialized OK
2018-Sep-28 06:25:26.023740 INFO    [daemon] Initializing core...
2018-Sep-28 06:25:26.024104 INFO    [Blockchain] Loading blockchain...
2018-Sep-28 06:25:26.024374 INFO    [BlockCacheSerializer] - loading block index...
2018-Sep-28 06:25:26.025116 INFO    [BlockCacheSerializer] - loading transaction map...
2018-Sep-28 06:25:26.026584 INFO    [BlockCacheSerializer] - loading spent keys...
2018-Sep-28 06:25:26.026744 INFO    [BlockCacheSerializer] - loading outputs...
2018-Sep-28 06:25:26.030667 INFO    [BlockCacheSerializer] - loading multi-signature outputs...
2018-Sep-28 06:25:26.030798 INFO    [BlockCacheSerializer] Serialization time: 6ms
2018-Sep-28 06:25:26.042368 INFO    [Blockchain] Blockchain initialized. last block: 1084, d1.h06.m00.s38 time ago, current difficulty: 2356
2018-Sep-28 06:25:26.042452 INFO    [daemon] Core initialized OK
2018-Sep-28 06:25:26.042581 INFO    [daemon] Starting core rpc server on address 127.0.0.1:18236
2018-Sep-28 06:25:26.142845 INFO    [miner] Mining has been stopped, 0 finished
2018-Sep-28 06:25:26.144652 ERROR   [daemon] Exception: TcpListener::TcpListener, bind failed, result=98, Address already in use
2018-Sep-28 06:25:35.180212 INFO    [daemon] BitPrivate v1.5.2.hotfix-001
2018-Sep-28 06:25:35.180456 INFO    [daemon] Module folder: ./BitPrivated
2018-Sep-28 06:25:35.182646 INFO    [daemon] Initializing p2p server...
2018-Sep-28 06:25:35.182968 INFO    [node_server] Network: ef63bebe-ca66-5ab3-a540-b58b08f40f42
2018-Sep-28 06:25:35.183101 INFO    [node_server] Binding on 0.0.0.0:17236
2018-Sep-28 06:25:35.183264 INFO    [node_server] Net service binded on 0.0.0.0:17236
2018-Sep-28 06:25:35.183344 INFO    [node_server] Attempting to add IGD port mapping.
2018-Sep-28 06:25:39.187250 INFO    [node_server] No IGD was found.
2018-Sep-28 06:25:39.187485 INFO    [daemon] P2p server initialized OK
2018-Sep-28 06:25:39.187656 INFO    [daemon] Initializing core...
2018-Sep-28 06:25:39.188105 INFO    [Blockchain] Loading blockchain...
2018-Sep-28 06:25:39.188412 INFO    [BlockCacheSerializer] - loading block index...
2018-Sep-28 06:25:39.189156 INFO    [BlockCacheSerializer] - loading transaction map...
2018-Sep-28 06:25:39.190260 INFO    [BlockCacheSerializer] - loading spent keys...
2018-Sep-28 06:25:39.190392 INFO    [BlockCacheSerializer] - loading outputs...
2018-Sep-28 06:25:39.195333 INFO    [BlockCacheSerializer] - loading multi-signature outputs...
2018-Sep-28 06:25:39.195518 INFO    [BlockCacheSerializer] Serialization time: 7ms
2018-Sep-28 06:25:39.205411 INFO    [Blockchain] Blockchain initialized. last block: 1084, d1.h06.m00.s51 time ago, current difficulty: 2356
2018-Sep-28 06:25:39.205490 INFO    [daemon] Core initialized OK
2018-Sep-28 06:25:39.205613 INFO    [daemon] Starting core rpc server on address 127.0.0.1:18236
2018-Sep-28 06:25:39.205701 INFO    [daemon] Core rpc server started ok
2018-Sep-28 06:25:39.205747 INFO    [daemon] Starting p2p net loop...
2018-Sep-28 06:25:39.205785 INFO    [node_server] Starting node_server
2018-Sep-28 06:25:40.432597 INFO    [protocol] 
2018-Sep-28 06:25:40.432597 INFO    [protocol] **********************************************************************
2018-Sep-28 06:25:40.432597 INFO    [protocol] You are now synchronized with the network. You may now start simplewallet.
2018-Sep-28 06:25:40.432597 INFO    [protocol] 
2018-Sep-28 06:25:40.432597 INFO    [protocol] Please note, that the blockchain will be saved only after you quit the daemon with "exit" command or if you use "save" command.
2018-Sep-28 06:25:40.432597 INFO    [protocol] Otherwise, you will possibly need to synchronize the blockchain again.
2018-Sep-28 06:25:40.432597 INFO    [protocol] 
2018-Sep-28 06:25:40.432597 INFO    [protocol] Use "help" command to see the list of available commands.
2018-Sep-28 06:25:40.432597 INFO    [protocol] **********************************************************************
2018-Sep-28 06:25:41.497022 INFO    [core] 
2018-Sep-28 06:25:41.497022 INFO    [core] **********************************************************************
2018-Sep-28 06:25:41.497022 INFO    [core] The daemon will start synchronizing with the network. It may take up to several hours.
2018-Sep-28 06:25:41.497022 INFO    [core] 
2018-Sep-28 06:25:41.497022 INFO    [core] You can set the level of process detailization* through "set_log <level>" command*, where <level> is between 0 (no details) and 4 (very verbose).
2018-Sep-28 06:25:41.497022 INFO    [core] 
2018-Sep-28 06:25:41.497022 INFO    [core] Use "help" command to see the list of available commands.
2018-Sep-28 06:25:41.497022 INFO    [core] 
2018-Sep-28 06:25:41.497022 INFO    [core] Note: in case you need to interrupt the process, use "exit" command. Otherwise, the current progress won't be saved.
2018-Sep-28 06:25:41.497022 INFO    [core] **********************************************************************
2018-Sep-28 20:33:42.533473 INFO    [daemon] BitPrivate v1.5.2.hotfix-001
2018-Sep-28 20:33:42.555442 INFO    [daemon] Module folder: ./BitPrivated
2018-Sep-28 20:33:42.602857 INFO    [daemon] Initializing p2p server...
2018-Sep-28 20:33:42.603037 INFO    [node_server] Network: ef63bebe-ca66-5ab3-a540-b58b08f40f42
2018-Sep-28 20:33:42.603092 INFO    [node_server] Binding on 0.0.0.0:17236
2018-Sep-28 20:33:42.604621 INFO    [miner] Mining has been stopped, 0 finished
2018-Sep-28 20:33:42.604715 ERROR   [daemon] Exception: TcpListener::TcpListener, bind failed, result=98, Address already in use
2018-Sep-28 20:33:47.926479 INFO    [daemon] BitPrivate v1.5.2.hotfix-001
2018-Sep-28 20:33:47.926825 INFO    [daemon] Module folder: ./BitPrivated
2018-Sep-28 20:33:47.928241 INFO    [daemon] Initializing p2p server...
2018-Sep-28 20:33:47.928438 INFO    [node_server] Network: ef63bebe-ca66-5ab3-a540-b58b08f40f42
2018-Sep-28 20:33:47.928496 INFO    [node_server] Binding on 0.0.0.0:17236
2018-Sep-28 20:33:47.928647 INFO    [miner] Mining has been stopped, 0 finished
2018-Sep-28 20:33:47.928733 ERROR   [daemon] Exception: TcpListener::TcpListener, bind failed, result=98, Address already in use
2018-Sep-28 20:33:55.775612 INFO    [daemon] BitPrivate v1.5.2.hotfix-001
2018-Sep-28 20:33:55.775925 INFO    [daemon] Module folder: ./BitPrivated
2018-Sep-28 20:33:55.777616 INFO    [daemon] Initializing p2p server...
2018-Sep-28 20:33:55.777946 INFO    [node_server] Network: ef63bebe-ca66-5ab3-a540-b58b08f40f42
2018-Sep-28 20:33:55.778071 INFO    [node_server] Binding on 0.0.0.0:17236
2018-Sep-28 20:33:55.778226 INFO    [node_server] Net service binded on 0.0.0.0:17236
2018-Sep-28 20:33:55.778334 INFO    [node_server] Attempting to add IGD port mapping.
2018-Sep-28 20:33:59.783296 INFO    [node_server] No IGD was found.
2018-Sep-28 20:33:59.783551 INFO    [daemon] P2p server initialized OK
2018-Sep-28 20:33:59.783593 INFO    [daemon] Initializing core...
2018-Sep-28 20:33:59.783727 INFO    [Blockchain] Loading blockchain...
2018-Sep-28 20:33:59.783829 INFO    [BlockCacheSerializer] - loading block index...
2018-Sep-28 20:33:59.784065 INFO    [BlockCacheSerializer] - loading transaction map...
2018-Sep-28 20:33:59.784394 INFO    [BlockCacheSerializer] - loading spent keys...
2018-Sep-28 20:33:59.784434 INFO    [BlockCacheSerializer] - loading outputs...
2018-Sep-28 20:33:59.785888 INFO    [BlockCacheSerializer] - loading multi-signature outputs...
2018-Sep-28 20:33:59.785947 INFO    [BlockCacheSerializer] Serialization time: 2ms
2018-Sep-28 20:33:59.793189 INFO    [Blockchain] Blockchain initialized. last block: 1084, d1.h20.m09.s11 time ago, current difficulty: 2356
2018-Sep-28 20:33:59.793273 INFO    [daemon] Core initialized OK
2018-Sep-28 20:33:59.793420 INFO    [daemon] Starting core rpc server on address 127.0.0.1:18236
2018-Sep-28 20:33:59.793519 INFO    [daemon] Core rpc server started ok
2018-Sep-28 20:33:59.793567 INFO    [daemon] Starting p2p net loop...
2018-Sep-28 20:33:59.793624 INFO    [node_server] Starting node_server
2018-Sep-28 20:34:06.980617 INFO    [protocol] 
2018-Sep-28 20:34:06.980617 INFO    [protocol] **********************************************************************
2018-Sep-28 20:34:06.980617 INFO    [protocol] You are now synchronized with the network. You may now start simplewallet.
2018-Sep-28 20:34:06.980617 INFO    [protocol] 
2018-Sep-28 20:34:06.980617 INFO    [protocol] Please note, that the blockchain will be saved only after you quit the daemon with "exit" command or if you use "save" command.
2018-Sep-28 20:34:06.980617 INFO    [protocol] Otherwise, you will possibly need to synchronize the blockchain again.
2018-Sep-28 20:34:06.980617 INFO    [protocol] 
2018-Sep-28 20:34:06.980617 INFO    [protocol] Use "help" command to see the list of available commands.
2018-Sep-28 20:34:06.980617 INFO    [protocol] **********************************************************************
2018-Sep-28 20:34:12.716170 INFO    [core] 
2018-Sep-28 20:34:12.716170 INFO    [core] **********************************************************************
2018-Sep-28 20:34:12.716170 INFO    [core] The daemon will start synchronizing with the network. It may take up to several hours.
2018-Sep-28 20:34:12.716170 INFO    [core] 
2018-Sep-28 20:34:12.716170 INFO    [core] You can set the level of process detailization* through "set_log <level>" command*, where <level> is between 0 (no details) and 4 (very verbose).
2018-Sep-28 20:34:12.716170 INFO    [core] 
2018-Sep-28 20:34:12.716170 INFO    [core] Use "help" command to see the list of available commands.
2018-Sep-28 20:34:12.716170 INFO    [core] 
2018-Sep-28 20:34:12.716170 INFO    [core] Note: in case you need to interrupt the process, use "exit" command. Otherwise, the current progress won't be saved.
2018-Sep-28 20:34:12.716170 INFO    [core] **********************************************************************
