2018-Sep-25 06:27:13.014521 INFO    [simplewallet] BitPrivate wallet v1.5.2.hotfix-001
2018-Sep-28 06:03:09.221469 INFO    [simplewallet] BitPrivate wallet v1.5.2.hotfix-001
2018-Sep-28 06:03:32.492547 ERROR   [simplewallet] Error: Error connecting to the remote node: TcpConnector::connect, connection failed
2018-Sep-28 06:03:32.492899 ERROR   [simplewallet] Error: Failed to parse remote node response
2018-Sep-28 06:04:00.951796 INFO    [simplewallet] BitPrivate wallet v1.5.2.hotfix-001
2018-Sep-28 06:04:19.511803 INFO    [BlockchainSynchronizer] Consumer added, consumer 0x023ea5d0, count 1
2018-Sep-28 06:04:19.515856 INFO    [BlockchainSynchronizer] Starting...
2018-Sep-28 06:04:19.516186 INFO    [BlockchainSynchronizer] Removing outdated pool transactions...
2018-Sep-28 06:04:19.516657 INFO    [BlockchainSynchronizer] Outdated pool transactions processed
2018-Sep-28 06:04:19.526426 INFO    [BlockchainSynchronizer] Stopping...
2018-Sep-28 06:04:19.606948 WARNING [BlockchainSynchronizer] Block processing is interrupted
2018-Sep-28 06:04:19.607492 INFO    [BlockchainSynchronizer] Stopped
2018-Sep-28 06:04:19.607797 INFO    [BlockchainSynchronizer] Saving...
2018-Sep-28 06:04:19.608047 INFO    [BlockchainSynchronizer] Saved
2018-Sep-28 06:04:19.658122 INFO    [BlockchainSynchronizer] Starting...
2018-Sep-28 06:04:19.658390 INFO    [BlockchainSynchronizer] Removing outdated pool transactions...
2018-Sep-28 06:04:19.658520 INFO    [simplewallet] Generated new wallet: btPVTxrAXRxgYRxnbH2pdUUZ7vAVyosNFYSHdX3N4GpKZMrgVjsBs6SNczhDF6LEKpDWjM2idCP3SbvrxMid7DZSfDP8MH212mc1H
2018-Sep-28 06:04:19.658520 INFO    [simplewallet] view key: 88cefef29939a64e532b5f687f199345e0413435ea346d70b7bb1d5b6f7d7404
2018-Sep-28 06:04:19.659426 INFO    [BlockchainSynchronizer] Outdated pool transactions processed
2018-Sep-28 06:04:19.660233 INFO    [simplewallet] **********************************************************************
Your wallet has been generated.
Use "help" command to see the list of available commands.
Always use "exit" command when closing simplewallet to save
current session's state. Otherwise, you will possibly need to synchronize 
your wallet again. Your wallet key is NOT under risk anyway.
**********************************************************************
2018-Sep-28 06:04:19.660692 INFO    [simplewallet] **********************************************************************
2018-Sep-28 06:13:48.504618 INFO    [simplewallet] BitPrivate wallet v1.5.2.hotfix-001
2018-Sep-28 06:13:48.515323 INFO    [simplewallet] Loading wallet...
2018-Sep-28 06:13:48.560936 INFO    [BlockchainSynchronizer] Consumer added, consumer 0x7fec5c0008c0, count 1
2018-Sep-28 06:13:48.561238 INFO    [BlockchainSynchronizer] Loading...
2018-Sep-28 06:13:48.561415 INFO    [BlockchainSynchronizer] Loaded
2018-Sep-28 06:13:48.563331 INFO    [BlockchainSynchronizer] Starting...
2018-Sep-28 06:13:48.563710 INFO    [BlockchainSynchronizer] Removing outdated pool transactions...
2018-Sep-28 06:13:48.563710 INFO    [simplewallet] available balance: 0.00000000, locked amount: 0.00000000
2018-Sep-28 06:13:48.564252 INFO    [simplewallet] Loaded ok
2018-Sep-28 06:13:48.564404 INFO    [simplewallet] Starting wallet rpc server
2018-Sep-28 06:13:48.565057 ERROR   [BlockchainSynchronizer] Failed to query outdated pool transaction: NodeErrorCategory:3, Network error
2018-Sep-28 06:13:48.565407 INFO    [BlockchainSynchronizer] Retry in 5 seconds...
2018-Sep-28 06:14:02.418305 INFO    [simplewallet] BitPrivate wallet v1.5.2.hotfix-001
2018-Sep-28 06:14:02.419493 INFO    [simplewallet] Loading wallet...
2018-Sep-28 06:14:02.466375 INFO    [BlockchainSynchronizer] Consumer added, consumer 0x7f3b980008c0, count 1
2018-Sep-28 06:14:02.466653 INFO    [BlockchainSynchronizer] Loading...
2018-Sep-28 06:14:02.466795 INFO    [BlockchainSynchronizer] Loaded
2018-Sep-28 06:14:02.466937 INFO    [BlockchainSynchronizer] Starting...
2018-Sep-28 06:14:02.467305 INFO    [BlockchainSynchronizer] Removing outdated pool transactions...
2018-Sep-28 06:14:02.467312 INFO    [simplewallet] available balance: 0.00000000, locked amount: 0.00000000
2018-Sep-28 06:14:02.467803 INFO    [simplewallet] Loaded ok
2018-Sep-28 06:14:02.467942 INFO    [simplewallet] Starting wallet rpc server
2018-Sep-28 06:14:10.140164 INFO    [simplewallet] BitPrivate wallet v1.5.2.hotfix-001
2018-Sep-28 06:14:10.141630 INFO    [simplewallet] Loading wallet...
2018-Sep-28 06:14:10.188893 INFO    [BlockchainSynchronizer] Consumer added, consumer 0x7f2dc40008c0, count 1
2018-Sep-28 06:14:10.189190 INFO    [BlockchainSynchronizer] Loading...
2018-Sep-28 06:14:10.189331 INFO    [BlockchainSynchronizer] Loaded
2018-Sep-28 06:14:10.189474 INFO    [BlockchainSynchronizer] Starting...
2018-Sep-28 06:14:10.189701 INFO    [simplewallet] available balance: 0.00000000, locked amount: 0.00000000
2018-Sep-28 06:14:10.189959 INFO    [simplewallet] Loaded ok
2018-Sep-28 06:14:10.189967 INFO    [BlockchainSynchronizer] Removing outdated pool transactions...
2018-Sep-28 06:14:10.190129 INFO    [simplewallet] Starting wallet rpc server
2018-Sep-28 06:14:33.392885 INFO    [simplewallet] BitPrivate wallet v1.5.2.hotfix-001
2018-Sep-28 06:14:33.393970 INFO    [simplewallet] Loading wallet...
2018-Sep-28 06:14:33.431033 INFO    [BlockchainSynchronizer] Consumer added, consumer 0x7f57600008c0, count 1
2018-Sep-28 06:14:33.431351 INFO    [BlockchainSynchronizer] Loading...
2018-Sep-28 06:14:33.431515 INFO    [BlockchainSynchronizer] Loaded
2018-Sep-28 06:14:33.431681 INFO    [BlockchainSynchronizer] Starting...
2018-Sep-28 06:14:33.431910 INFO    [simplewallet] available balance: 0.00000000, locked amount: 0.00000000
2018-Sep-28 06:14:33.431926 INFO    [BlockchainSynchronizer] Removing outdated pool transactions...
2018-Sep-28 06:14:33.432180 INFO    [simplewallet] Loaded ok
2018-Sep-28 06:14:33.432570 INFO    [simplewallet] Starting wallet rpc server
2018-Sep-28 06:14:33.432783 ERROR   [BlockchainSynchronizer] Failed to query outdated pool transaction: NodeErrorCategory:7, Can't connect to daemon
2018-Sep-28 06:14:33.433078 INFO    [BlockchainSynchronizer] Retry in 5 seconds...
2018-Sep-28 06:14:38.433346 INFO    [BlockchainSynchronizer] Removing outdated pool transactions...
2018-Sep-28 06:14:38.434566 ERROR   [BlockchainSynchronizer] Failed to query outdated pool transaction: NodeErrorCategory:7, Can't connect to daemon
2018-Sep-28 06:14:38.435234 INFO    [BlockchainSynchronizer] Retry in 5 seconds...
2018-Sep-28 06:14:43.435519 INFO    [BlockchainSynchronizer] Removing outdated pool transactions...
2018-Sep-28 06:14:45.633935 ERROR   [BlockchainSynchronizer] Failed to query outdated pool transaction: NodeErrorCategory:7, Can't connect to daemon
2018-Sep-28 06:14:45.634979 INFO    [BlockchainSynchronizer] Retry in 5 seconds...
2018-Sep-28 06:14:50.635563 INFO    [BlockchainSynchronizer] Removing outdated pool transactions...
2018-Sep-28 06:14:53.143059 ERROR   [BlockchainSynchronizer] Failed to query outdated pool transaction: NodeErrorCategory:7, Can't connect to daemon
2018-Sep-28 06:14:53.144034 INFO    [BlockchainSynchronizer] Retry in 5 seconds...
2018-Sep-28 06:14:58.144602 INFO    [BlockchainSynchronizer] Removing outdated pool transactions...
2018-Sep-28 06:15:01.750135 ERROR   [BlockchainSynchronizer] Failed to query outdated pool transaction: NodeErrorCategory:7, Can't connect to daemon
2018-Sep-28 06:15:01.751127 INFO    [BlockchainSynchronizer] Retry in 5 seconds...
2018-Sep-28 06:15:04.980076 INFO    [simplewallet] Stopped wallet rpc server
2018-Sep-28 06:15:04.980630 INFO    [simplewallet] Storing wallet...
2018-Sep-28 06:15:04.981714 INFO    [BlockchainSynchronizer] Stopping...
2018-Sep-28 06:15:04.982438 INFO    [BlockchainSynchronizer] Stopped
2018-Sep-28 06:15:04.982929 INFO    [BlockchainSynchronizer] Saving...
2018-Sep-28 06:15:04.983434 INFO    [BlockchainSynchronizer] Saved
2018-Sep-28 06:15:05.021958 INFO    [BlockchainSynchronizer] Starting...
2018-Sep-28 06:15:05.022196 INFO    [BlockchainSynchronizer] Removing outdated pool transactions...
2018-Sep-28 06:15:05.022444 INFO    [simplewallet] Stored ok
2018-Sep-28 06:15:05.022631 INFO    [BlockchainSynchronizer] Stopping...
2018-Sep-28 06:15:05.022823 ERROR   [BlockchainSynchronizer] Failed to query outdated pool transaction: NodeErrorCategory:7, Can't connect to daemon
2018-Sep-28 06:15:05.023144 INFO    [BlockchainSynchronizer] Retry in 5 seconds...
2018-Sep-28 06:15:05.023331 INFO    [BlockchainSynchronizer] Stopped
2018-Sep-28 06:15:05.023479 INFO    [BlockchainSynchronizer] Stopping...
2018-Sep-28 06:15:05.023635 INFO    [BlockchainSynchronizer] Stopped
2018-Sep-28 06:15:05.023779 INFO    [BlockchainSynchronizer] Consumer removed, consumer 0x7f57600008c0, count 0
2018-Sep-28 06:15:05.024019 INFO    [BlockchainSynchronizer] Stopping...
2018-Sep-28 06:15:05.024166 INFO    [BlockchainSynchronizer] Stopped
2018-Sep-28 06:15:55.139454 INFO    [simplewallet] BitPrivate wallet v1.5.2.hotfix-001
2018-Sep-28 06:15:55.140228 INFO    [simplewallet] Loading wallet...
2018-Sep-28 06:15:55.181133 INFO    [BlockchainSynchronizer] Consumer added, consumer 0x7fd00c0008c0, count 1
2018-Sep-28 06:15:55.181407 INFO    [BlockchainSynchronizer] Loading...
2018-Sep-28 06:15:55.181538 INFO    [BlockchainSynchronizer] Loaded
2018-Sep-28 06:15:55.181678 INFO    [BlockchainSynchronizer] Starting...
2018-Sep-28 06:15:55.181879 INFO    [simplewallet] available balance: 0.00000000, locked amount: 0.00000000
2018-Sep-28 06:15:55.181884 INFO    [BlockchainSynchronizer] Removing outdated pool transactions...
2018-Sep-28 06:15:55.182142 INFO    [simplewallet] Loaded ok
2018-Sep-28 06:15:55.182504 INFO    [simplewallet] Starting wallet rpc server
2018-Sep-28 06:16:04.478484 INFO    [simplewallet] BitPrivate wallet v1.5.2.hotfix-001
2018-Sep-28 06:16:04.479725 INFO    [simplewallet] Loading wallet...
2018-Sep-28 06:16:04.522228 INFO    [BlockchainSynchronizer] Consumer added, consumer 0x7f07ac0008c0, count 1
2018-Sep-28 06:16:04.522521 INFO    [BlockchainSynchronizer] Loading...
2018-Sep-28 06:16:04.522657 INFO    [BlockchainSynchronizer] Loaded
2018-Sep-28 06:16:04.522799 INFO    [BlockchainSynchronizer] Starting...
2018-Sep-28 06:16:04.523014 INFO    [BlockchainSynchronizer] Removing outdated pool transactions...
2018-Sep-28 06:16:04.523020 INFO    [simplewallet] available balance: 0.00000000, locked amount: 0.00000000
2018-Sep-28 06:16:04.523463 INFO    [simplewallet] Loaded ok
2018-Sep-28 06:16:04.523606 INFO    [simplewallet] Starting wallet rpc server
2018-Sep-28 06:16:43.554472 INFO    [simplewallet] BitPrivate wallet v1.5.2.hotfix-001
2018-Sep-28 06:16:43.555282 INFO    [simplewallet] Loading wallet...
2018-Sep-28 06:16:43.594435 INFO    [BlockchainSynchronizer] Consumer added, consumer 0x7f2c8c0008c0, count 1
2018-Sep-28 06:16:43.594745 INFO    [BlockchainSynchronizer] Loading...
2018-Sep-28 06:16:43.594918 INFO    [BlockchainSynchronizer] Loaded
2018-Sep-28 06:16:43.595080 INFO    [BlockchainSynchronizer] Starting...
2018-Sep-28 06:16:43.595319 INFO    [simplewallet] available balance: 0.00000000, locked amount: 0.00000000
2018-Sep-28 06:16:43.595331 INFO    [BlockchainSynchronizer] Removing outdated pool transactions...
2018-Sep-28 06:16:43.595592 INFO    [simplewallet] Loaded ok
2018-Sep-28 06:16:43.596022 INFO    [simplewallet] Starting wallet rpc server
2018-Sep-28 06:16:43.596293 INFO    [BlockchainSynchronizer] Outdated pool transactions processed
2018-Sep-28 06:23:20.525367 INFO    [simplewallet] Stopped wallet rpc server
2018-Sep-28 06:23:20.525944 INFO    [simplewallet] Storing wallet...
2018-Sep-28 06:23:20.527120 INFO    [BlockchainSynchronizer] Stopping...
2018-Sep-28 06:23:20.527769 INFO    [BlockchainSynchronizer] Stopped
2018-Sep-28 06:23:20.527983 INFO    [BlockchainSynchronizer] Saving...
2018-Sep-28 06:23:20.528178 INFO    [BlockchainSynchronizer] Saved
2018-Sep-28 06:23:20.576994 INFO    [BlockchainSynchronizer] Starting...
2018-Sep-28 06:23:20.577274 INFO    [BlockchainSynchronizer] Removing outdated pool transactions...
2018-Sep-28 06:23:20.577364 INFO    [simplewallet] Stored ok
2018-Sep-28 06:23:20.577679 INFO    [BlockchainSynchronizer] Stopping...
2018-Sep-28 06:23:20.577880 INFO    [BlockchainSynchronizer] Outdated pool transactions processed
2018-Sep-28 06:23:20.578165 INFO    [BlockchainSynchronizer] Stopped
2018-Sep-28 06:23:20.578302 INFO    [BlockchainSynchronizer] Stopping...
2018-Sep-28 06:23:20.578431 INFO    [BlockchainSynchronizer] Stopped
2018-Sep-28 06:23:20.578548 INFO    [BlockchainSynchronizer] Consumer removed, consumer 0x7f2c8c0008c0, count 0
2018-Sep-28 06:23:20.578748 INFO    [BlockchainSynchronizer] Stopping...
2018-Sep-28 06:23:20.578870 INFO    [BlockchainSynchronizer] Stopped
2018-Sep-28 06:23:49.972930 INFO    [simplewallet] BitPrivate wallet v1.5.2.hotfix-001
2018-Sep-28 06:23:49.974053 INFO    [simplewallet] Loading wallet...
2018-Sep-28 06:23:50.018372 INFO    [BlockchainSynchronizer] Consumer added, consumer 0x7f5ee0011a80, count 1
2018-Sep-28 06:23:50.018662 INFO    [BlockchainSynchronizer] Loading...
2018-Sep-28 06:23:50.018801 INFO    [BlockchainSynchronizer] Loaded
2018-Sep-28 06:23:50.019033 INFO    [BlockchainSynchronizer] Starting...
2018-Sep-28 06:23:50.019277 INFO    [simplewallet] available balance: 0.00000000, locked amount: 0.00000000
2018-Sep-28 06:23:50.019472 INFO    [simplewallet] Loaded ok
2018-Sep-28 06:23:50.019480 INFO    [BlockchainSynchronizer] Removing outdated pool transactions...
2018-Sep-28 06:23:50.019613 INFO    [simplewallet] Starting wallet rpc server
2018-Sep-28 06:24:08.308276 INFO    [simplewallet] BitPrivate wallet v1.5.2.hotfix-001
2018-Sep-28 06:24:08.309872 INFO    [simplewallet] Loading wallet...
2018-Sep-28 06:24:08.347919 INFO    [BlockchainSynchronizer] Consumer added, consumer 0x7f988c011a80, count 1
2018-Sep-28 06:24:08.348149 INFO    [BlockchainSynchronizer] Loading...
2018-Sep-28 06:24:08.348323 INFO    [BlockchainSynchronizer] Loaded
2018-Sep-28 06:24:08.348587 INFO    [BlockchainSynchronizer] Starting...
2018-Sep-28 06:24:08.348798 INFO    [simplewallet] available balance: 0.00000000, locked amount: 0.00000000
2018-Sep-28 06:24:08.349097 INFO    [simplewallet] Loaded ok
2018-Sep-28 06:24:08.349107 INFO    [BlockchainSynchronizer] Removing outdated pool transactions...
2018-Sep-28 06:24:08.349273 INFO    [simplewallet] Starting wallet rpc server
2018-Sep-28 06:24:08.349856 ERROR   [BlockchainSynchronizer] Failed to query outdated pool transaction: NodeErrorCategory:7, Can't connect to daemon
2018-Sep-28 06:24:08.350207 INFO    [BlockchainSynchronizer] Retry in 5 seconds...
2018-Sep-28 06:24:13.350487 INFO    [BlockchainSynchronizer] Removing outdated pool transactions...
2018-Sep-28 06:24:13.351633 ERROR   [BlockchainSynchronizer] Failed to query outdated pool transaction: NodeErrorCategory:7, Can't connect to daemon
2018-Sep-28 06:24:13.352633 INFO    [BlockchainSynchronizer] Retry in 5 seconds...
2018-Sep-28 06:24:18.353249 INFO    [BlockchainSynchronizer] Removing outdated pool transactions...
2018-Sep-28 06:24:18.354504 ERROR   [BlockchainSynchronizer] Failed to query outdated pool transaction: NodeErrorCategory:7, Can't connect to daemon
2018-Sep-28 06:24:18.355417 INFO    [BlockchainSynchronizer] Retry in 5 seconds...
2018-Sep-28 06:24:23.356038 INFO    [BlockchainSynchronizer] Removing outdated pool transactions...
2018-Sep-28 06:24:23.710297 ERROR   [BlockchainSynchronizer] Failed to query outdated pool transaction: NodeErrorCategory:7, Can't connect to daemon
2018-Sep-28 06:24:23.711225 INFO    [BlockchainSynchronizer] Retry in 5 seconds...
2018-Sep-28 06:24:28.711716 INFO    [BlockchainSynchronizer] Removing outdated pool transactions...
2018-Sep-28 06:24:28.712634 ERROR   [BlockchainSynchronizer] Failed to query outdated pool transaction: NodeErrorCategory:7, Can't connect to daemon
2018-Sep-28 06:24:28.712985 INFO    [BlockchainSynchronizer] Retry in 5 seconds...
2018-Sep-28 06:24:33.713238 INFO    [BlockchainSynchronizer] Removing outdated pool transactions...
2018-Sep-28 06:24:35.822213 ERROR   [BlockchainSynchronizer] Failed to query outdated pool transaction: NodeErrorCategory:7, Can't connect to daemon
2018-Sep-28 06:24:35.823080 INFO    [BlockchainSynchronizer] Retry in 5 seconds...
2018-Sep-28 06:24:40.823618 INFO    [BlockchainSynchronizer] Removing outdated pool transactions...
2018-Sep-28 06:24:40.824674 ERROR   [BlockchainSynchronizer] Failed to query outdated pool transaction: NodeErrorCategory:7, Can't connect to daemon
2018-Sep-28 06:24:40.825628 INFO    [BlockchainSynchronizer] Retry in 5 seconds...
2018-Sep-28 06:24:45.826214 INFO    [BlockchainSynchronizer] Removing outdated pool transactions...
2018-Sep-28 06:24:45.826685 ERROR   [BlockchainSynchronizer] Failed to query outdated pool transaction: NodeErrorCategory:7, Can't connect to daemon
2018-Sep-28 06:24:45.827071 INFO    [BlockchainSynchronizer] Retry in 5 seconds...
2018-Sep-28 06:24:50.827368 INFO    [BlockchainSynchronizer] Removing outdated pool transactions...
2018-Sep-28 06:24:50.827788 ERROR   [BlockchainSynchronizer] Failed to query outdated pool transaction: NodeErrorCategory:7, Can't connect to daemon
2018-Sep-28 06:24:50.828165 INFO    [BlockchainSynchronizer] Retry in 5 seconds...
2018-Sep-28 06:24:55.828458 INFO    [BlockchainSynchronizer] Removing outdated pool transactions...
2018-Sep-28 06:24:55.829219 ERROR   [BlockchainSynchronizer] Failed to query outdated pool transaction: NodeErrorCategory:7, Can't connect to daemon
2018-Sep-28 06:24:55.829887 INFO    [BlockchainSynchronizer] Retry in 5 seconds...
2018-Sep-28 06:25:00.830376 INFO    [BlockchainSynchronizer] Removing outdated pool transactions...
2018-Sep-28 06:25:00.831495 ERROR   [BlockchainSynchronizer] Failed to query outdated pool transaction: NodeErrorCategory:7, Can't connect to daemon
2018-Sep-28 06:25:00.832347 INFO    [BlockchainSynchronizer] Retry in 5 seconds...
2018-Sep-28 06:25:05.767128 INFO    [simplewallet] Stopped wallet rpc server
2018-Sep-28 06:25:05.767592 INFO    [simplewallet] Storing wallet...
2018-Sep-28 06:25:05.768425 INFO    [BlockchainSynchronizer] Stopping...
2018-Sep-28 06:25:05.768986 INFO    [BlockchainSynchronizer] Stopped
2018-Sep-28 06:25:05.769363 INFO    [BlockchainSynchronizer] Saving...
2018-Sep-28 06:25:05.769739 INFO    [BlockchainSynchronizer] Saved
2018-Sep-28 06:25:05.812031 INFO    [BlockchainSynchronizer] Starting...
2018-Sep-28 06:25:05.812461 INFO    [BlockchainSynchronizer] Removing outdated pool transactions...
2018-Sep-28 06:25:05.812730 INFO    [simplewallet] Stored ok
2018-Sep-28 06:25:05.813004 INFO    [BlockchainSynchronizer] Stopping...
2018-Sep-28 06:25:05.813172 ERROR   [BlockchainSynchronizer] Failed to query outdated pool transaction: NodeErrorCategory:7, Can't connect to daemon
2018-Sep-28 06:25:05.813599 INFO    [BlockchainSynchronizer] Retry in 5 seconds...
2018-Sep-28 06:25:05.813835 INFO    [BlockchainSynchronizer] Stopped
2018-Sep-28 06:25:05.814001 INFO    [BlockchainSynchronizer] Stopping...
2018-Sep-28 06:25:05.814173 INFO    [BlockchainSynchronizer] Stopped
2018-Sep-28 06:25:05.814317 INFO    [BlockchainSynchronizer] Consumer removed, consumer 0x7f988c011a80, count 0
2018-Sep-28 06:25:05.814546 INFO    [BlockchainSynchronizer] Stopping...
2018-Sep-28 06:25:05.814691 INFO    [BlockchainSynchronizer] Stopped
2018-Sep-28 06:25:18.356418 INFO    [simplewallet] BitPrivate wallet v1.5.2.hotfix-001
2018-Sep-28 06:25:18.357317 INFO    [simplewallet] Loading wallet...
2018-Sep-28 06:25:18.400412 INFO    [BlockchainSynchronizer] Consumer added, consumer 0x7f9944011a80, count 1
2018-Sep-28 06:25:18.400709 INFO    [BlockchainSynchronizer] Loading...
2018-Sep-28 06:25:18.400875 INFO    [BlockchainSynchronizer] Loaded
2018-Sep-28 06:25:18.401116 INFO    [BlockchainSynchronizer] Starting...
2018-Sep-28 06:25:18.401363 INFO    [simplewallet] available balance: 0.00000000, locked amount: 0.00000000
2018-Sep-28 06:25:18.401603 INFO    [simplewallet] Loaded ok
2018-Sep-28 06:25:18.401611 INFO    [BlockchainSynchronizer] Removing outdated pool transactions...
2018-Sep-28 06:25:18.401749 INFO    [simplewallet] Starting wallet rpc server
2018-Sep-28 06:25:18.402350 ERROR   [BlockchainSynchronizer] Failed to query outdated pool transaction: NodeErrorCategory:7, Can't connect to daemon
2018-Sep-28 06:25:18.402635 INFO    [BlockchainSynchronizer] Retry in 5 seconds...
2018-Sep-28 06:25:23.402896 INFO    [BlockchainSynchronizer] Removing outdated pool transactions...
2018-Sep-28 06:25:23.403866 ERROR   [BlockchainSynchronizer] Failed to query outdated pool transaction: NodeErrorCategory:7, Can't connect to daemon
2018-Sep-28 06:25:23.404703 INFO    [BlockchainSynchronizer] Retry in 5 seconds...
2018-Sep-28 06:25:28.405239 INFO    [BlockchainSynchronizer] Removing outdated pool transactions...
2018-Sep-28 06:25:28.406418 ERROR   [BlockchainSynchronizer] Failed to query outdated pool transaction: NodeErrorCategory:7, Can't connect to daemon
2018-Sep-28 06:25:28.407367 INFO    [BlockchainSynchronizer] Retry in 5 seconds...
2018-Sep-28 06:25:32.304690 INFO    [simplewallet] Stopped wallet rpc server
2018-Sep-28 06:25:32.305214 INFO    [simplewallet] Storing wallet...
2018-Sep-28 06:25:32.306187 INFO    [BlockchainSynchronizer] Stopping...
2018-Sep-28 06:25:32.306748 INFO    [BlockchainSynchronizer] Stopped
2018-Sep-28 06:25:32.307376 INFO    [BlockchainSynchronizer] Saving...
2018-Sep-28 06:25:32.307782 INFO    [BlockchainSynchronizer] Saved
2018-Sep-28 06:25:32.351998 INFO    [BlockchainSynchronizer] Starting...
2018-Sep-28 06:25:32.352272 INFO    [BlockchainSynchronizer] Removing outdated pool transactions...
2018-Sep-28 06:25:32.352365 INFO    [simplewallet] Stored ok
2018-Sep-28 06:25:32.352729 INFO    [BlockchainSynchronizer] Stopping...
2018-Sep-28 06:25:32.352887 ERROR   [BlockchainSynchronizer] Failed to query outdated pool transaction: NodeErrorCategory:7, Can't connect to daemon
2018-Sep-28 06:25:32.353178 INFO    [BlockchainSynchronizer] Retry in 5 seconds...
2018-Sep-28 06:25:32.353352 INFO    [BlockchainSynchronizer] Stopped
2018-Sep-28 06:25:32.353509 INFO    [BlockchainSynchronizer] Stopping...
2018-Sep-28 06:25:32.353668 INFO    [BlockchainSynchronizer] Stopped
2018-Sep-28 06:25:32.353811 INFO    [BlockchainSynchronizer] Consumer removed, consumer 0x7f9944011a80, count 0
2018-Sep-28 06:25:32.354064 INFO    [BlockchainSynchronizer] Stopping...
2018-Sep-28 06:25:32.354207 INFO    [BlockchainSynchronizer] Stopped
2018-Sep-28 06:25:41.407839 INFO    [simplewallet] BitPrivate wallet v1.5.2.hotfix-001
2018-Sep-28 06:25:41.409407 INFO    [simplewallet] Loading wallet...
2018-Sep-28 06:25:41.446227 INFO    [BlockchainSynchronizer] Consumer added, consumer 0x7f445c011a80, count 1
2018-Sep-28 06:25:41.446531 INFO    [BlockchainSynchronizer] Loading...
2018-Sep-28 06:25:41.446694 INFO    [BlockchainSynchronizer] Loaded
2018-Sep-28 06:25:41.446942 INFO    [BlockchainSynchronizer] Starting...
2018-Sep-28 06:25:41.447198 INFO    [BlockchainSynchronizer] Removing outdated pool transactions...
2018-Sep-28 06:25:41.447198 INFO    [simplewallet] available balance: 0.00000000, locked amount: 0.00000000
2018-Sep-28 06:25:41.447664 INFO    [simplewallet] Loaded ok
2018-Sep-28 06:25:41.447811 INFO    [simplewallet] Starting wallet rpc server
2018-Sep-28 06:25:47.926742 INFO    [simplewallet] BitPrivate wallet v1.5.2.hotfix-001
2018-Sep-28 06:25:47.927781 INFO    [simplewallet] Loading wallet...
2018-Sep-28 06:25:47.968943 INFO    [BlockchainSynchronizer] Consumer added, consumer 0x7fefb4011a80, count 1
2018-Sep-28 06:25:47.969258 INFO    [BlockchainSynchronizer] Loading...
2018-Sep-28 06:25:47.969433 INFO    [BlockchainSynchronizer] Loaded
2018-Sep-28 06:25:47.969729 INFO    [BlockchainSynchronizer] Starting...
2018-Sep-28 06:25:47.969955 INFO    [simplewallet] available balance: 0.00000000, locked amount: 0.00000000
2018-Sep-28 06:25:47.969963 INFO    [BlockchainSynchronizer] Removing outdated pool transactions...
2018-Sep-28 06:25:47.970242 INFO    [simplewallet] Loaded ok
2018-Sep-28 06:25:47.970628 INFO    [simplewallet] Starting wallet rpc server
