Determining if the pthread_create exist failed with the following output:
Change Dir: /home/megarootz/Desktop/BitPrivate/build/release/CMakeFiles/CMakeTmp

Run Build Command:"/usr/bin/make" "cmTC_e1b9b/fast"
make[1]: Entering directory '/home/megarootz/Desktop/BitPrivate/build/release/CMakeFiles/CMakeTmp'
/usr/bin/make -f CMakeFiles/cmTC_e1b9b.dir/build.make CMakeFiles/cmTC_e1b9b.dir/build
make[2]: Entering directory '/home/megarootz/Desktop/BitPrivate/build/release/CMakeFiles/CMakeTmp'
Building C object CMakeFiles/cmTC_e1b9b.dir/CheckSymbolExists.c.o
/usr/bin/cc   -std=c11  -Wall -Wextra -Wpointer-arith -Wundef -Wvla -Wwrite-strings -Werror -Wno-error=extra -Wno-error=unused-function -Wno-error=deprecated-declarations -Wno-error=sign-compare -Wno-error=strict-aliasing -Wno-error=type-limits -Wno-unused-parameter -Wno-error=unused-variable -Wno-error=undef -Wno-error=uninitialized -Wno-error=unused-result -Wlogical-op -Wno-error=maybe-uninitialized -Wno-error=clobbered -Wno-error=unused-but-set-variable -Wno-error=odr -Waggregate-return -Wnested-externs -Wold-style-definition -Wstrict-prototypes -march=native -maes    -o CMakeFiles/cmTC_e1b9b.dir/CheckSymbolExists.c.o   -c /home/megarootz/Desktop/BitPrivate/build/release/CMakeFiles/CMakeTmp/CheckSymbolExists.c
Linking C executable cmTC_e1b9b
/usr/local/bin/cmake -E cmake_link_script CMakeFiles/cmTC_e1b9b.dir/link.txt --verbose=1
/usr/bin/cc  -std=c11  -Wall -Wextra -Wpointer-arith -Wundef -Wvla -Wwrite-strings -Werror -Wno-error=extra -Wno-error=unused-function -Wno-error=deprecated-declarations -Wno-error=sign-compare -Wno-error=strict-aliasing -Wno-error=type-limits -Wno-unused-parameter -Wno-error=unused-variable -Wno-error=undef -Wno-error=uninitialized -Wno-error=unused-result -Wlogical-op -Wno-error=maybe-uninitialized -Wno-error=clobbered -Wno-error=unused-but-set-variable -Wno-error=odr -Waggregate-return -Wnested-externs -Wold-style-definition -Wstrict-prototypes -march=native -maes     -rdynamic CMakeFiles/cmTC_e1b9b.dir/CheckSymbolExists.c.o  -o cmTC_e1b9b 
CMakeFiles/cmTC_e1b9b.dir/CheckSymbolExists.c.o: In function `main':
CheckSymbolExists.c:(.text+0x16): undefined reference to `pthread_create'
collect2: error: ld returned 1 exit status
CMakeFiles/cmTC_e1b9b.dir/build.make:97: recipe for target 'cmTC_e1b9b' failed
make[2]: *** [cmTC_e1b9b] Error 1
make[2]: Leaving directory '/home/megarootz/Desktop/BitPrivate/build/release/CMakeFiles/CMakeTmp'
Makefile:126: recipe for target 'cmTC_e1b9b/fast' failed
make[1]: *** [cmTC_e1b9b/fast] Error 2
make[1]: Leaving directory '/home/megarootz/Desktop/BitPrivate/build/release/CMakeFiles/CMakeTmp'

File /home/megarootz/Desktop/BitPrivate/build/release/CMakeFiles/CMakeTmp/CheckSymbolExists.c:
/* */
#include <pthread.h>

int main(int argc, char** argv)
{
  (void)argv;
#ifndef pthread_create
  return ((int*)(&pthread_create))[argc];
#else
  (void)argc;
  return 0;
#endif
}

Determining if the function pthread_create exists in the pthreads failed with the following output:
Change Dir: /home/megarootz/Desktop/BitPrivate/build/release/CMakeFiles/CMakeTmp

Run Build Command:"/usr/bin/make" "cmTC_972d0/fast"
make[1]: Entering directory '/home/megarootz/Desktop/BitPrivate/build/release/CMakeFiles/CMakeTmp'
/usr/bin/make -f CMakeFiles/cmTC_972d0.dir/build.make CMakeFiles/cmTC_972d0.dir/build
make[2]: Entering directory '/home/megarootz/Desktop/BitPrivate/build/release/CMakeFiles/CMakeTmp'
Building C object CMakeFiles/cmTC_972d0.dir/CheckFunctionExists.c.o
/usr/bin/cc   -std=c11  -Wall -Wextra -Wpointer-arith -Wundef -Wvla -Wwrite-strings -Werror -Wno-error=extra -Wno-error=unused-function -Wno-error=deprecated-declarations -Wno-error=sign-compare -Wno-error=strict-aliasing -Wno-error=type-limits -Wno-unused-parameter -Wno-error=unused-variable -Wno-error=undef -Wno-error=uninitialized -Wno-error=unused-result -Wlogical-op -Wno-error=maybe-uninitialized -Wno-error=clobbered -Wno-error=unused-but-set-variable -Wno-error=odr -Waggregate-return -Wnested-externs -Wold-style-definition -Wstrict-prototypes -march=native -maes -DCHECK_FUNCTION_EXISTS=pthread_create   -o CMakeFiles/cmTC_972d0.dir/CheckFunctionExists.c.o   -c /usr/local/share/cmake-3.10/Modules/CheckFunctionExists.c
Linking C executable cmTC_972d0
/usr/local/bin/cmake -E cmake_link_script CMakeFiles/cmTC_972d0.dir/link.txt --verbose=1
/usr/bin/cc  -std=c11  -Wall -Wextra -Wpointer-arith -Wundef -Wvla -Wwrite-strings -Werror -Wno-error=extra -Wno-error=unused-function -Wno-error=deprecated-declarations -Wno-error=sign-compare -Wno-error=strict-aliasing -Wno-error=type-limits -Wno-unused-parameter -Wno-error=unused-variable -Wno-error=undef -Wno-error=uninitialized -Wno-error=unused-result -Wlogical-op -Wno-error=maybe-uninitialized -Wno-error=clobbered -Wno-error=unused-but-set-variable -Wno-error=odr -Waggregate-return -Wnested-externs -Wold-style-definition -Wstrict-prototypes -march=native -maes -DCHECK_FUNCTION_EXISTS=pthread_create    -rdynamic CMakeFiles/cmTC_972d0.dir/CheckFunctionExists.c.o  -o cmTC_972d0 -lpthreads 
/usr/bin/ld: cannot find -lpthreads
collect2: error: ld returned 1 exit status
CMakeFiles/cmTC_972d0.dir/build.make:97: recipe for target 'cmTC_972d0' failed
make[2]: *** [cmTC_972d0] Error 1
make[2]: Leaving directory '/home/megarootz/Desktop/BitPrivate/build/release/CMakeFiles/CMakeTmp'
Makefile:126: recipe for target 'cmTC_972d0/fast' failed
make[1]: *** [cmTC_972d0/fast] Error 2
make[1]: Leaving directory '/home/megarootz/Desktop/BitPrivate/build/release/CMakeFiles/CMakeTmp'


